[2026-06-25T01:35:50.074+0000] {local_task_job_runner.py:120} INFO - ::group::Pre task execution logs
[2026-06-25T01:35:50.318+0000] {taskinstance.py:2076} INFO - Dependencies all met for dep_context=non-requeueable deps ti=<TaskInstance: crm_etl_pipeline.generate_charts manual__2026-06-25T01:30:36.210245+00:00 [queued]>
[2026-06-25T01:35:50.335+0000] {taskinstance.py:2076} INFO - Dependencies all met for dep_context=requeueable deps ti=<TaskInstance: crm_etl_pipeline.generate_charts manual__2026-06-25T01:30:36.210245+00:00 [queued]>
[2026-06-25T01:35:50.337+0000] {taskinstance.py:2306} INFO - Starting attempt 2 of 2
[2026-06-25T01:35:50.368+0000] {taskinstance.py:2330} INFO - Executing <Task(PythonOperator): generate_charts> on 2026-06-25 01:30:36.210245+00:00
[2026-06-25T01:35:50.379+0000] {standard_task_runner.py:90} INFO - Running: ['airflow', 'tasks', 'run', 'crm_etl_pipeline', 'generate_charts', 'manual__2026-06-25T01:30:36.210245+00:00', '--job-id', '11', '--raw', '--subdir', 'DAGS_FOLDER/crm_etl_dag.py', '--cfg-path', '/tmp/tmpv6lpqtyc']
[2026-06-25T01:35:50.382+0000] {standard_task_runner.py:91} INFO - Job 11: Subtask generate_charts
[2026-06-25T01:35:50.382+0000] {logging_mixin.py:188} WARNING - /home/airflow/.local/lib/python3.12/site-packages/airflow/task/task_runner/standard_task_runner.py:61 DeprecationWarning: This process (pid=443) is multi-threaded, use of fork() may lead to deadlocks in the child.
[2026-06-25T01:35:50.383+0000] {standard_task_runner.py:63} INFO - Started process 444 to run task
[2026-06-25T01:35:50.487+0000] {task_command.py:426} INFO - Running <TaskInstance: crm_etl_pipeline.generate_charts manual__2026-06-25T01:30:36.210245+00:00 [running]> on host 4215ccb3c8ea
[2026-06-25T01:35:50.593+0000] {taskinstance.py:2648} INFO - Exporting env vars: AIRFLOW_CTX_DAG_OWNER='data_analyst' AIRFLOW_CTX_DAG_ID='crm_etl_pipeline' AIRFLOW_CTX_TASK_ID='generate_charts' AIRFLOW_CTX_EXECUTION_DATE='2026-06-25T01:30:36.210245+00:00' AIRFLOW_CTX_TRY_NUMBER='2' AIRFLOW_CTX_DAG_RUN_ID='manual__2026-06-25T01:30:36.210245+00:00'
[2026-06-25T01:35:50.596+0000] {taskinstance.py:430} INFO - ::endgroup::
[2026-06-25T01:35:52.452+0000] {taskinstance.py:441} INFO - ::group::Post task execution logs
[2026-06-25T01:35:52.454+0000] {taskinstance.py:2905} ERROR - Task failed with exception
Traceback (most recent call last):
  File "/home/airflow/.local/lib/python3.12/site-packages/airflow/models/taskinstance.py", line 465, in _execute_task
    result = _execute_callable(context=context, **execute_callable_kwargs)
             ^^^^^^^^^^^^^^^^^^^^^^^^^^^^^^^^^^^^^^^^^^^^^^^^^^^^^^^^^^^^^
  File "/home/airflow/.local/lib/python3.12/site-packages/airflow/models/taskinstance.py", line 432, in _execute_callable
    return execute_callable(context=context, **execute_callable_kwargs)
           ^^^^^^^^^^^^^^^^^^^^^^^^^^^^^^^^^^^^^^^^^^^^^^^^^^^^^^^^^^^^
  File "/home/airflow/.local/lib/python3.12/site-packages/airflow/models/baseoperator.py", line 400, in wrapper
    return func(self, *args, **kwargs)
           ^^^^^^^^^^^^^^^^^^^^^^^^^^^
  File "/home/airflow/.local/lib/python3.12/site-packages/airflow/operators/python.py", line 235, in execute
    return_value = self.execute_callable()
                   ^^^^^^^^^^^^^^^^^^^^^^^
  File "/home/airflow/.local/lib/python3.12/site-packages/airflow/operators/python.py", line 252, in execute_callable
    return self.python_callable(*self.op_args, **self.op_kwargs)
           ^^^^^^^^^^^^^^^^^^^^^^^^^^^^^^^^^^^^^^^^^^^^^^^^^^^^^
  File "/opt/airflow/dags/crm_etl_dag.py", line 87, in task_generate_charts
    raise Exception(f"EDA script lỗi:\n{result.stderr}")
Exception: EDA script lỗi:
Traceback (most recent call last):
  File "/opt/airflow/scripts/eda_analysis.py", line 10, in <module>
    import matplotlib.pyplot as plt
ModuleNotFoundError: No module named 'matplotlib'

[2026-06-25T01:35:52.472+0000] {taskinstance.py:1206} INFO - Marking task as FAILED. dag_id=crm_etl_pipeline, task_id=generate_charts, run_id=manual__2026-06-25T01:30:36.210245+00:00, execution_date=20260625T013036, start_date=20260625T013550, end_date=20260625T013552
[2026-06-25T01:35:52.488+0000] {standard_task_runner.py:110} ERROR - Failed to execute job 11 for task generate_charts (EDA script lỗi:
Traceback (most recent call last):
  File "/opt/airflow/scripts/eda_analysis.py", line 10, in <module>
    import matplotlib.pyplot as plt
ModuleNotFoundError: No module named 'matplotlib'
; 444)
[2026-06-25T01:35:52.533+0000] {local_task_job_runner.py:240} INFO - Task exited with return code 1
[2026-06-25T01:35:52.554+0000] {taskinstance.py:3498} INFO - 0 downstream tasks scheduled from follow-on schedule check
[2026-06-25T01:35:52.557+0000] {local_task_job_runner.py:222} INFO - ::endgroup::
