[2026-06-25T01:22:19.430+0000] {local_task_job_runner.py:120} INFO - ::group::Pre task execution logs
[2026-06-25T01:22:19.635+0000] {taskinstance.py:2076} INFO - Dependencies all met for dep_context=non-requeueable deps ti=<TaskInstance: crm_etl_pipeline.extract_data manual__2026-06-25T01:22:17.042739+00:00 [queued]>
[2026-06-25T01:22:19.664+0000] {taskinstance.py:2076} INFO - Dependencies all met for dep_context=requeueable deps ti=<TaskInstance: crm_etl_pipeline.extract_data manual__2026-06-25T01:22:17.042739+00:00 [queued]>
[2026-06-25T01:22:19.679+0000] {taskinstance.py:2306} INFO - Starting attempt 1 of 2
[2026-06-25T01:22:19.700+0000] {taskinstance.py:2330} INFO - Executing <Task(PythonOperator): extract_data> on 2026-06-25 01:22:17.042739+00:00
[2026-06-25T01:22:19.713+0000] {logging_mixin.py:188} WARNING - /home/airflow/.local/lib/python3.12/site-packages/airflow/task/task_runner/standard_task_runner.py:61 DeprecationWarning: This process (pid=226) is multi-threaded, use of fork() may lead to deadlocks in the child.
[2026-06-25T01:22:19.715+0000] {standard_task_runner.py:90} INFO - Running: ['airflow', 'tasks', 'run', 'crm_etl_pipeline', 'extract_data', 'manual__2026-06-25T01:22:17.042739+00:00', '--job-id', '2', '--raw', '--subdir', 'DAGS_FOLDER/crm_etl_dag.py', '--cfg-path', '/tmp/tmp45gf3n9t']
[2026-06-25T01:22:19.716+0000] {standard_task_runner.py:63} INFO - Started process 227 to run task
[2026-06-25T01:22:19.717+0000] {standard_task_runner.py:91} INFO - Job 2: Subtask extract_data
[2026-06-25T01:22:19.933+0000] {task_command.py:426} INFO - Running <TaskInstance: crm_etl_pipeline.extract_data manual__2026-06-25T01:22:17.042739+00:00 [running]> on host 4215ccb3c8ea
[2026-06-25T01:22:20.268+0000] {taskinstance.py:2648} INFO - Exporting env vars: AIRFLOW_CTX_DAG_OWNER='data_analyst' AIRFLOW_CTX_DAG_ID='crm_etl_pipeline' AIRFLOW_CTX_TASK_ID='extract_data' AIRFLOW_CTX_EXECUTION_DATE='2026-06-25T01:22:17.042739+00:00' AIRFLOW_CTX_TRY_NUMBER='1' AIRFLOW_CTX_DAG_RUN_ID='manual__2026-06-25T01:22:17.042739+00:00'
[2026-06-25T01:22:20.271+0000] {taskinstance.py:430} INFO - ::endgroup::
[2026-06-25T01:22:24.651+0000] {logging_mixin.py:188} INFO - [EXTRACT] Đọc file CSV...
[2026-06-25T01:22:24.839+0000] {logging_mixin.py:188} INFO - [EXTRACT] ✅ Đọc xong — 9,994 dòng, 21 cột
[2026-06-25T01:22:24.878+0000] {python.py:237} INFO - Done. Returned value was: Extracted 9,994 rows
[2026-06-25T01:22:24.879+0000] {taskinstance.py:441} INFO - ::group::Post task execution logs
[2026-06-25T01:22:24.900+0000] {taskinstance.py:1206} INFO - Marking task as SUCCESS. dag_id=crm_etl_pipeline, task_id=extract_data, run_id=manual__2026-06-25T01:22:17.042739+00:00, execution_date=20260625T012217, start_date=20260625T012219, end_date=20260625T012224
[2026-06-25T01:22:24.951+0000] {local_task_job_runner.py:240} INFO - Task exited with return code 0
[2026-06-25T01:22:24.971+0000] {taskinstance.py:3498} INFO - 1 downstream tasks scheduled from follow-on schedule check
[2026-06-25T01:22:24.974+0000] {local_task_job_runner.py:222} INFO - ::endgroup::
