[2026-06-25T01:17:36.407+0000] {manager.py:470} INFO - Processing files using up to 2 processes at a time 
[2026-06-25T01:17:36.410+0000] {manager.py:471} INFO - Process each file at most once every 30 seconds
[2026-06-25T01:17:36.411+0000] {manager.py:472} INFO - Checking for new files in /opt/airflow/dags every 300 seconds
[2026-06-25T01:17:36.412+0000] {manager.py:737} INFO - Searching for files in /opt/airflow/dags
[2026-06-25T01:17:36.425+0000] {manager.py:740} INFO - There are 1 files in /opt/airflow/dags
[2026-06-25T01:17:36.839+0000] {manager.py:878} INFO - 
================================================================================
DAG File Processing Stats

File Path                           PID  Runtime      # DAGs    # Errors  Last Runtime    Last Run
--------------------------------  -----  ---------  --------  ----------  --------------  ----------
/opt/airflow/dags/crm_etl_dag.py    176  0.19s             0           0
================================================================================
[2026-06-25T01:18:07.091+0000] {manager.py:878} INFO - 
================================================================================
DAG File Processing Stats

File Path                         PID    Runtime      # DAGs    # Errors  Last Runtime    Last Run
--------------------------------  -----  ---------  --------  ----------  --------------  -------------------
/opt/airflow/dags/crm_etl_dag.py                           1           0  0.78s           2026-06-25T01:17:37
================================================================================
[2026-06-25T01:18:37.216+0000] {manager.py:878} INFO - 
================================================================================
DAG File Processing Stats

File Path                         PID    Runtime      # DAGs    # Errors  Last Runtime    Last Run
--------------------------------  -----  ---------  --------  ----------  --------------  -------------------
/opt/airflow/dags/crm_etl_dag.py                           1           0  2.40s           2026-06-25T01:18:10
================================================================================
[2026-06-25T01:19:07.873+0000] {manager.py:878} INFO - 
================================================================================
DAG File Processing Stats

File Path                         PID    Runtime      # DAGs    # Errors  Last Runtime    Last Run
--------------------------------  -----  ---------  --------  ----------  --------------  -------------------
/opt/airflow/dags/crm_etl_dag.py                           1           0  0.25s           2026-06-25T01:18:41
================================================================================
[2026-06-25T01:19:38.462+0000] {manager.py:878} INFO - 
================================================================================
DAG File Processing Stats

File Path                         PID    Runtime      # DAGs    # Errors  Last Runtime    Last Run
--------------------------------  -----  ---------  --------  ----------  --------------  -------------------
/opt/airflow/dags/crm_etl_dag.py                           1           0  0.15s           2026-06-25T01:19:12
================================================================================
[2026-06-25T01:20:08.474+0000] {manager.py:878} INFO - 
================================================================================
DAG File Processing Stats

File Path                         PID    Runtime      # DAGs    # Errors  Last Runtime    Last Run
--------------------------------  -----  ---------  --------  ----------  --------------  -------------------
/opt/airflow/dags/crm_etl_dag.py                           1           0  0.74s           2026-06-25T01:19:43
================================================================================
[2026-06-25T01:20:38.750+0000] {manager.py:878} INFO - 
================================================================================
DAG File Processing Stats

File Path                         PID    Runtime      # DAGs    # Errors  Last Runtime    Last Run
--------------------------------  -----  ---------  --------  ----------  --------------  -------------------
/opt/airflow/dags/crm_etl_dag.py                           1           0  0.16s           2026-06-25T01:20:13
================================================================================
[2026-06-25T01:21:09.021+0000] {manager.py:878} INFO - 
================================================================================
DAG File Processing Stats

File Path                         PID    Runtime      # DAGs    # Errors  Last Runtime    Last Run
--------------------------------  -----  ---------  --------  ----------  --------------  -------------------
/opt/airflow/dags/crm_etl_dag.py                           1           0  0.19s           2026-06-25T01:20:43
================================================================================
[2026-06-25T01:21:39.352+0000] {manager.py:878} INFO - 
================================================================================
DAG File Processing Stats

File Path                         PID    Runtime      # DAGs    # Errors  Last Runtime    Last Run
--------------------------------  -----  ---------  --------  ----------  --------------  -------------------
/opt/airflow/dags/crm_etl_dag.py                           1           0  0.26s           2026-06-25T01:21:14
================================================================================
[2026-06-25T01:22:09.688+0000] {manager.py:878} INFO - 
================================================================================
DAG File Processing Stats

File Path                         PID    Runtime      # DAGs    # Errors  Last Runtime    Last Run
--------------------------------  -----  ---------  --------  ----------  --------------  -------------------
/opt/airflow/dags/crm_etl_dag.py                           1           0  0.15s           2026-06-25T01:21:44
================================================================================
[2026-06-25T01:22:36.883+0000] {manager.py:737} INFO - Searching for files in /opt/airflow/dags
[2026-06-25T01:22:36.911+0000] {manager.py:740} INFO - There are 1 files in /opt/airflow/dags
[2026-06-25T01:22:39.956+0000] {manager.py:878} INFO - 
================================================================================
DAG File Processing Stats

File Path                         PID    Runtime      # DAGs    # Errors  Last Runtime    Last Run
--------------------------------  -----  ---------  --------  ----------  --------------  -------------------
/opt/airflow/dags/crm_etl_dag.py                           1           0  0.25s           2026-06-25T01:22:14
================================================================================
[2026-06-25T01:23:10.362+0000] {manager.py:878} INFO - 
================================================================================
DAG File Processing Stats

File Path                         PID    Runtime      # DAGs    # Errors  Last Runtime    Last Run
--------------------------------  -----  ---------  --------  ----------  --------------  -------------------
/opt/airflow/dags/crm_etl_dag.py                           1           0  0.17s           2026-06-25T01:22:45
================================================================================
[2026-06-25T01:23:40.682+0000] {manager.py:878} INFO - 
================================================================================
DAG File Processing Stats

File Path                         PID    Runtime      # DAGs    # Errors  Last Runtime    Last Run
--------------------------------  -----  ---------  --------  ----------  --------------  -------------------
/opt/airflow/dags/crm_etl_dag.py                           1           0  0.19s           2026-06-25T01:23:15
================================================================================
[2026-06-25T01:24:11.021+0000] {manager.py:878} INFO - 
================================================================================
DAG File Processing Stats

File Path                         PID    Runtime      # DAGs    # Errors  Last Runtime    Last Run
--------------------------------  -----  ---------  --------  ----------  --------------  -------------------
/opt/airflow/dags/crm_etl_dag.py                           1           0  0.27s           2026-06-25T01:23:46
================================================================================
[2026-06-25T01:24:41.398+0000] {manager.py:878} INFO - 
================================================================================
DAG File Processing Stats

File Path                         PID    Runtime      # DAGs    # Errors  Last Runtime    Last Run
--------------------------------  -----  ---------  --------  ----------  --------------  -------------------
/opt/airflow/dags/crm_etl_dag.py                           1           0  0.36s           2026-06-25T01:24:16
================================================================================
[2026-06-25T01:25:11.662+0000] {manager.py:878} INFO - 
================================================================================
DAG File Processing Stats

File Path                         PID    Runtime      # DAGs    # Errors  Last Runtime    Last Run
--------------------------------  -----  ---------  --------  ----------  --------------  -------------------
/opt/airflow/dags/crm_etl_dag.py                           1           0  0.13s           2026-06-25T01:24:46
================================================================================
[2026-06-25T01:25:42.045+0000] {manager.py:878} INFO - 
================================================================================
DAG File Processing Stats

File Path                         PID    Runtime      # DAGs    # Errors  Last Runtime    Last Run
--------------------------------  -----  ---------  --------  ----------  --------------  -------------------
/opt/airflow/dags/crm_etl_dag.py                           1           0  0.28s           2026-06-25T01:25:17
================================================================================
[2026-06-25T01:26:12.400+0000] {manager.py:878} INFO - 
================================================================================
DAG File Processing Stats

File Path                         PID    Runtime      # DAGs    # Errors  Last Runtime    Last Run
--------------------------------  -----  ---------  --------  ----------  --------------  -------------------
/opt/airflow/dags/crm_etl_dag.py                           1           0  0.16s           2026-06-25T01:25:47
================================================================================
[2026-06-25T01:26:42.671+0000] {manager.py:878} INFO - 
================================================================================
DAG File Processing Stats

File Path                         PID    Runtime      # DAGs    # Errors  Last Runtime    Last Run
--------------------------------  -----  ---------  --------  ----------  --------------  -------------------
/opt/airflow/dags/crm_etl_dag.py                           1           0  0.14s           2026-06-25T01:26:17
================================================================================
[2026-06-25T01:27:12.945+0000] {manager.py:878} INFO - 
================================================================================
DAG File Processing Stats

File Path                         PID    Runtime      # DAGs    # Errors  Last Runtime    Last Run
--------------------------------  -----  ---------  --------  ----------  --------------  -------------------
/opt/airflow/dags/crm_etl_dag.py                           1           0  0.12s           2026-06-25T01:26:47
================================================================================
[2026-06-25T01:27:37.200+0000] {manager.py:737} INFO - Searching for files in /opt/airflow/dags
[2026-06-25T01:27:37.216+0000] {manager.py:740} INFO - There are 1 files in /opt/airflow/dags
[2026-06-25T01:27:43.280+0000] {manager.py:878} INFO - 
================================================================================
DAG File Processing Stats

File Path                         PID    Runtime      # DAGs    # Errors  Last Runtime    Last Run
--------------------------------  -----  ---------  --------  ----------  --------------  -------------------
/opt/airflow/dags/crm_etl_dag.py                           1           0  0.13s           2026-06-25T01:27:18
================================================================================
[2026-06-25T01:28:13.526+0000] {manager.py:878} INFO - 
================================================================================
DAG File Processing Stats

File Path                         PID    Runtime      # DAGs    # Errors  Last Runtime    Last Run
--------------------------------  -----  ---------  --------  ----------  --------------  -------------------
/opt/airflow/dags/crm_etl_dag.py                           1           0  0.20s           2026-06-25T01:27:48
================================================================================
[2026-06-25T01:28:43.826+0000] {manager.py:878} INFO - 
================================================================================
DAG File Processing Stats

File Path                         PID    Runtime      # DAGs    # Errors  Last Runtime    Last Run
--------------------------------  -----  ---------  --------  ----------  --------------  -------------------
/opt/airflow/dags/crm_etl_dag.py                           1           0  0.15s           2026-06-25T01:28:18
================================================================================
[2026-06-25T01:29:14.136+0000] {manager.py:878} INFO - 
================================================================================
DAG File Processing Stats

File Path                         PID    Runtime      # DAGs    # Errors  Last Runtime    Last Run
--------------------------------  -----  ---------  --------  ----------  --------------  -------------------
/opt/airflow/dags/crm_etl_dag.py                           1           0  0.14s           2026-06-25T01:28:49
================================================================================
[2026-06-25T01:29:44.363+0000] {manager.py:878} INFO - 
================================================================================
DAG File Processing Stats

File Path                         PID    Runtime      # DAGs    # Errors  Last Runtime    Last Run
--------------------------------  -----  ---------  --------  ----------  --------------  -------------------
/opt/airflow/dags/crm_etl_dag.py                           1           0  0.12s           2026-06-25T01:29:19
================================================================================
[2026-06-25T01:30:14.656+0000] {manager.py:878} INFO - 
================================================================================
DAG File Processing Stats

File Path                         PID    Runtime      # DAGs    # Errors  Last Runtime    Last Run
--------------------------------  -----  ---------  --------  ----------  --------------  -------------------
/opt/airflow/dags/crm_etl_dag.py                           1           0  0.24s           2026-06-25T01:29:49
================================================================================
[2026-06-25T01:30:44.963+0000] {manager.py:878} INFO - 
================================================================================
DAG File Processing Stats

File Path                         PID    Runtime      # DAGs    # Errors  Last Runtime    Last Run
--------------------------------  -----  ---------  --------  ----------  --------------  -------------------
/opt/airflow/dags/crm_etl_dag.py                           1           0  0.15s           2026-06-25T01:30:19
================================================================================
[2026-06-25T01:31:15.219+0000] {manager.py:878} INFO - 
================================================================================
DAG File Processing Stats

File Path                         PID    Runtime      # DAGs    # Errors  Last Runtime    Last Run
--------------------------------  -----  ---------  --------  ----------  --------------  -------------------
/opt/airflow/dags/crm_etl_dag.py                           1           0  0.12s           2026-06-25T01:30:50
================================================================================
[2026-06-25T01:31:45.454+0000] {manager.py:878} INFO - 
================================================================================
DAG File Processing Stats

File Path                         PID    Runtime      # DAGs    # Errors  Last Runtime    Last Run
--------------------------------  -----  ---------  --------  ----------  --------------  -------------------
/opt/airflow/dags/crm_etl_dag.py                           1           0  0.21s           2026-06-25T01:31:20
================================================================================
[2026-06-25T01:32:15.755+0000] {manager.py:878} INFO - 
================================================================================
DAG File Processing Stats

File Path                         PID    Runtime      # DAGs    # Errors  Last Runtime    Last Run
--------------------------------  -----  ---------  --------  ----------  --------------  -------------------
/opt/airflow/dags/crm_etl_dag.py                           1           0  0.53s           2026-06-25T01:31:51
================================================================================
[2026-06-25T01:32:37.352+0000] {manager.py:737} INFO - Searching for files in /opt/airflow/dags
[2026-06-25T01:32:37.377+0000] {manager.py:740} INFO - There are 1 files in /opt/airflow/dags
[2026-06-25T01:32:46.453+0000] {manager.py:878} INFO - 
================================================================================
DAG File Processing Stats

File Path                         PID    Runtime      # DAGs    # Errors  Last Runtime    Last Run
--------------------------------  -----  ---------  --------  ----------  --------------  -------------------
/opt/airflow/dags/crm_etl_dag.py                           1           0  0.15s           2026-06-25T01:32:21
================================================================================
[2026-06-25T01:33:16.807+0000] {manager.py:878} INFO - 
================================================================================
DAG File Processing Stats

File Path                         PID    Runtime      # DAGs    # Errors  Last Runtime    Last Run
--------------------------------  -----  ---------  --------  ----------  --------------  -------------------
/opt/airflow/dags/crm_etl_dag.py                           1           0  0.22s           2026-06-25T01:32:51
================================================================================
[2026-06-25T01:33:47.119+0000] {manager.py:878} INFO - 
================================================================================
DAG File Processing Stats

File Path                         PID    Runtime      # DAGs    # Errors  Last Runtime    Last Run
--------------------------------  -----  ---------  --------  ----------  --------------  -------------------
/opt/airflow/dags/crm_etl_dag.py                           1           0  0.22s           2026-06-25T01:33:22
================================================================================
[2026-06-25T01:34:17.496+0000] {manager.py:878} INFO - 
================================================================================
DAG File Processing Stats

File Path                         PID    Runtime      # DAGs    # Errors  Last Runtime    Last Run
--------------------------------  -----  ---------  --------  ----------  --------------  -------------------
/opt/airflow/dags/crm_etl_dag.py                           1           0  0.25s           2026-06-25T01:33:52
================================================================================
[2026-06-25T01:34:47.793+0000] {manager.py:878} INFO - 
================================================================================
DAG File Processing Stats

File Path                         PID    Runtime      # DAGs    # Errors  Last Runtime    Last Run
--------------------------------  -----  ---------  --------  ----------  --------------  -------------------
/opt/airflow/dags/crm_etl_dag.py                           1           0  0.25s           2026-06-25T01:34:22
================================================================================
[2026-06-25T01:35:18.219+0000] {manager.py:878} INFO - 
================================================================================
DAG File Processing Stats

File Path                         PID    Runtime      # DAGs    # Errors  Last Runtime    Last Run
--------------------------------  -----  ---------  --------  ----------  --------------  -------------------
/opt/airflow/dags/crm_etl_dag.py                           1           0  0.15s           2026-06-25T01:34:53
================================================================================
[2026-06-25T01:35:48.590+0000] {manager.py:878} INFO - 
================================================================================
DAG File Processing Stats

File Path                         PID    Runtime      # DAGs    # Errors  Last Runtime    Last Run
--------------------------------  -----  ---------  --------  ----------  --------------  -------------------
/opt/airflow/dags/crm_etl_dag.py                           1           0  0.17s           2026-06-25T01:35:23
================================================================================
[2026-06-25T01:36:18.869+0000] {manager.py:878} INFO - 
================================================================================
DAG File Processing Stats

File Path                         PID    Runtime      # DAGs    # Errors  Last Runtime    Last Run
--------------------------------  -----  ---------  --------  ----------  --------------  -------------------
/opt/airflow/dags/crm_etl_dag.py                           1           0  0.17s           2026-06-25T01:35:53
================================================================================
[2026-06-25T01:36:49.207+0000] {manager.py:878} INFO - 
================================================================================
DAG File Processing Stats

File Path                         PID    Runtime      # DAGs    # Errors  Last Runtime    Last Run
--------------------------------  -----  ---------  --------  ----------  --------------  -------------------
/opt/airflow/dags/crm_etl_dag.py                           1           0  0.10s           2026-06-25T01:36:24
================================================================================
[2026-06-25T01:37:19.468+0000] {manager.py:878} INFO - 
================================================================================
DAG File Processing Stats

File Path                         PID    Runtime      # DAGs    # Errors  Last Runtime    Last Run
--------------------------------  -----  ---------  --------  ----------  --------------  -------------------
/opt/airflow/dags/crm_etl_dag.py                           1           0  0.22s           2026-06-25T01:36:54
================================================================================
[2026-06-25T01:37:37.742+0000] {manager.py:737} INFO - Searching for files in /opt/airflow/dags
[2026-06-25T01:37:37.762+0000] {manager.py:740} INFO - There are 1 files in /opt/airflow/dags
[2026-06-25T01:37:49.843+0000] {manager.py:878} INFO - 
================================================================================
DAG File Processing Stats

File Path                         PID    Runtime      # DAGs    # Errors  Last Runtime    Last Run
--------------------------------  -----  ---------  --------  ----------  --------------  -------------------
/opt/airflow/dags/crm_etl_dag.py                           1           0  0.15s           2026-06-25T01:37:24
================================================================================
[2026-06-25T01:38:20.112+0000] {manager.py:878} INFO - 
================================================================================
DAG File Processing Stats

File Path                         PID    Runtime      # DAGs    # Errors  Last Runtime    Last Run
--------------------------------  -----  ---------  --------  ----------  --------------  -------------------
/opt/airflow/dags/crm_etl_dag.py                           1           0  0.20s           2026-06-25T01:37:55
================================================================================
[2026-06-25T01:38:50.430+0000] {manager.py:878} INFO - 
================================================================================
DAG File Processing Stats

File Path                         PID    Runtime      # DAGs    # Errors  Last Runtime    Last Run
--------------------------------  -----  ---------  --------  ----------  --------------  -------------------
/opt/airflow/dags/crm_etl_dag.py                           1           0  1.35s           2026-06-25T01:38:26
================================================================================
[2026-06-25T01:39:20.941+0000] {manager.py:878} INFO - 
================================================================================
DAG File Processing Stats

File Path                         PID    Runtime      # DAGs    # Errors  Last Runtime    Last Run
--------------------------------  -----  ---------  --------  ----------  --------------  -------------------
/opt/airflow/dags/crm_etl_dag.py                           1           0  0.11s           2026-06-25T01:38:56
================================================================================
[2026-06-25T01:39:51.241+0000] {manager.py:878} INFO - 
================================================================================
DAG File Processing Stats

File Path                         PID    Runtime      # DAGs    # Errors  Last Runtime    Last Run
--------------------------------  -----  ---------  --------  ----------  --------------  -------------------
/opt/airflow/dags/crm_etl_dag.py                           1           0  0.15s           2026-06-25T01:39:27
================================================================================
[2026-06-25T01:40:21.571+0000] {manager.py:878} INFO - 
================================================================================
DAG File Processing Stats

File Path                         PID    Runtime      # DAGs    # Errors  Last Runtime    Last Run
--------------------------------  -----  ---------  --------  ----------  --------------  -------------------
/opt/airflow/dags/crm_etl_dag.py                           1           0  0.12s           2026-06-25T01:39:57
================================================================================
[2026-06-25T01:40:51.777+0000] {manager.py:878} INFO - 
================================================================================
DAG File Processing Stats

File Path                         PID    Runtime      # DAGs    # Errors  Last Runtime    Last Run
--------------------------------  -----  ---------  --------  ----------  --------------  -------------------
/opt/airflow/dags/crm_etl_dag.py                           1           0  0.18s           2026-06-25T01:40:27
================================================================================
[2026-06-25T01:41:22.015+0000] {manager.py:878} INFO - 
================================================================================
DAG File Processing Stats

File Path                         PID    Runtime      # DAGs    # Errors  Last Runtime    Last Run
--------------------------------  -----  ---------  --------  ----------  --------------  -------------------
/opt/airflow/dags/crm_etl_dag.py                           1           0  0.18s           2026-06-25T01:40:57
================================================================================
[2026-06-25T01:41:52.409+0000] {manager.py:878} INFO - 
================================================================================
DAG File Processing Stats

File Path                         PID    Runtime      # DAGs    # Errors  Last Runtime    Last Run
--------------------------------  -----  ---------  --------  ----------  --------------  -------------------
/opt/airflow/dags/crm_etl_dag.py                           1           0  0.18s           2026-06-25T01:41:28
================================================================================
[2026-06-25T01:42:22.668+0000] {manager.py:878} INFO - 
================================================================================
DAG File Processing Stats

File Path                         PID    Runtime      # DAGs    # Errors  Last Runtime    Last Run
--------------------------------  -----  ---------  --------  ----------  --------------  -------------------
/opt/airflow/dags/crm_etl_dag.py                           1           0  0.15s           2026-06-25T01:41:58
================================================================================
[2026-06-25T01:42:37.892+0000] {manager.py:737} INFO - Searching for files in /opt/airflow/dags
[2026-06-25T01:42:37.907+0000] {manager.py:740} INFO - There are 1 files in /opt/airflow/dags
[2026-06-25T01:42:52.987+0000] {manager.py:878} INFO - 
================================================================================
DAG File Processing Stats

File Path                         PID    Runtime      # DAGs    # Errors  Last Runtime    Last Run
--------------------------------  -----  ---------  --------  ----------  --------------  -------------------
/opt/airflow/dags/crm_etl_dag.py                           1           0  0.17s           2026-06-25T01:42:28
================================================================================
[2026-06-25T01:43:23.175+0000] {manager.py:878} INFO - 
================================================================================
DAG File Processing Stats

File Path                         PID    Runtime      # DAGs    # Errors  Last Runtime    Last Run
--------------------------------  -----  ---------  --------  ----------  --------------  -------------------
/opt/airflow/dags/crm_etl_dag.py                           1           0  0.11s           2026-06-25T01:42:59
================================================================================
[2026-06-25T01:43:53.425+0000] {manager.py:878} INFO - 
================================================================================
DAG File Processing Stats

File Path                         PID    Runtime      # DAGs    # Errors  Last Runtime    Last Run
--------------------------------  -----  ---------  --------  ----------  --------------  -------------------
/opt/airflow/dags/crm_etl_dag.py                           1           0  0.11s           2026-06-25T01:43:29
================================================================================
[2026-06-25T01:44:23.593+0000] {manager.py:878} INFO - 
================================================================================
DAG File Processing Stats

File Path                         PID    Runtime      # DAGs    # Errors  Last Runtime    Last Run
--------------------------------  -----  ---------  --------  ----------  --------------  -------------------
/opt/airflow/dags/crm_etl_dag.py                           1           0  0.10s           2026-06-25T01:43:59
================================================================================
[2026-06-25T01:44:53.832+0000] {manager.py:878} INFO - 
================================================================================
DAG File Processing Stats

File Path                         PID    Runtime      # DAGs    # Errors  Last Runtime    Last Run
--------------------------------  -----  ---------  --------  ----------  --------------  -------------------
/opt/airflow/dags/crm_etl_dag.py                           1           0  0.10s           2026-06-25T01:44:29
================================================================================
[2026-06-25T01:45:24.035+0000] {manager.py:878} INFO - 
================================================================================
DAG File Processing Stats

File Path                         PID    Runtime      # DAGs    # Errors  Last Runtime    Last Run
--------------------------------  -----  ---------  --------  ----------  --------------  -------------------
/opt/airflow/dags/crm_etl_dag.py                           1           0  0.10s           2026-06-25T01:44:59
================================================================================
[2026-06-25T01:45:54.251+0000] {manager.py:878} INFO - 
================================================================================
DAG File Processing Stats

File Path                         PID    Runtime      # DAGs    # Errors  Last Runtime    Last Run
--------------------------------  -----  ---------  --------  ----------  --------------  -------------------
/opt/airflow/dags/crm_etl_dag.py                           1           0  0.18s           2026-06-25T01:45:30
================================================================================
[2026-06-25T01:46:24.524+0000] {manager.py:878} INFO - 
================================================================================
DAG File Processing Stats

File Path                         PID    Runtime      # DAGs    # Errors  Last Runtime    Last Run
--------------------------------  -----  ---------  --------  ----------  --------------  -------------------
/opt/airflow/dags/crm_etl_dag.py                           1           0  0.15s           2026-06-25T01:46:00
================================================================================
[2026-06-25T01:46:54.708+0000] {manager.py:878} INFO - 
================================================================================
DAG File Processing Stats

File Path                         PID    Runtime      # DAGs    # Errors  Last Runtime    Last Run
--------------------------------  -----  ---------  --------  ----------  --------------  -------------------
/opt/airflow/dags/crm_etl_dag.py                           1           0  0.12s           2026-06-25T01:46:30
================================================================================
[2026-06-25T01:47:24.991+0000] {manager.py:878} INFO - 
================================================================================
DAG File Processing Stats

File Path                         PID    Runtime      # DAGs    # Errors  Last Runtime    Last Run
--------------------------------  -----  ---------  --------  ----------  --------------  -------------------
/opt/airflow/dags/crm_etl_dag.py                           1           0  0.40s           2026-06-25T01:47:01
================================================================================
[2026-06-25T01:47:38.466+0000] {manager.py:737} INFO - Searching for files in /opt/airflow/dags
[2026-06-25T01:47:38.486+0000] {manager.py:740} INFO - There are 1 files in /opt/airflow/dags
[2026-06-25T01:47:55.595+0000] {manager.py:878} INFO - 
================================================================================
DAG File Processing Stats

File Path                         PID    Runtime      # DAGs    # Errors  Last Runtime    Last Run
--------------------------------  -----  ---------  --------  ----------  --------------  -------------------
/opt/airflow/dags/crm_etl_dag.py                           1           0  0.28s           2026-06-25T01:47:31
================================================================================
[2026-06-25T01:48:25.988+0000] {manager.py:878} INFO - 
================================================================================
DAG File Processing Stats

File Path                         PID    Runtime      # DAGs    # Errors  Last Runtime    Last Run
--------------------------------  -----  ---------  --------  ----------  --------------  -------------------
/opt/airflow/dags/crm_etl_dag.py                           1           0  0.14s           2026-06-25T01:48:01
================================================================================
