[2026-06-25T01:17:36.739+0000] {processor.py:161} INFO - Started process (PID=176) to work on /opt/airflow/dags/crm_etl_dag.py
[2026-06-25T01:17:36.744+0000] {processor.py:830} INFO - Processing file /opt/airflow/dags/crm_etl_dag.py for tasks to queue
[2026-06-25T01:17:36.752+0000] {logging_mixin.py:188} INFO - [2026-06-25T01:17:36.751+0000] {dagbag.py:545} INFO - Filling up the DagBag from /opt/airflow/dags/crm_etl_dag.py
[2026-06-25T01:17:36.843+0000] {processor.py:840} INFO - DAG(s) 'crm_etl_pipeline' retrieved from /opt/airflow/dags/crm_etl_dag.py
[2026-06-25T01:17:37.324+0000] {logging_mixin.py:188} INFO - [2026-06-25T01:17:37.323+0000] {override.py:1829} INFO - Created Permission View: can delete on DAG:crm_etl_pipeline
[2026-06-25T01:17:37.341+0000] {logging_mixin.py:188} INFO - [2026-06-25T01:17:37.341+0000] {override.py:1829} INFO - Created Permission View: can read on DAG:crm_etl_pipeline
[2026-06-25T01:17:37.349+0000] {logging_mixin.py:188} INFO - [2026-06-25T01:17:37.349+0000] {override.py:1829} INFO - Created Permission View: can edit on DAG:crm_etl_pipeline
[2026-06-25T01:17:37.350+0000] {logging_mixin.py:188} INFO - [2026-06-25T01:17:37.350+0000] {dag.py:3096} INFO - Sync 1 DAGs
[2026-06-25T01:17:37.367+0000] {logging_mixin.py:188} INFO - [2026-06-25T01:17:37.367+0000] {dag.py:3118} INFO - Creating ORM DAG for crm_etl_pipeline
[2026-06-25T01:17:37.378+0000] {logging_mixin.py:188} INFO - [2026-06-25T01:17:37.378+0000] {dag.py:3954} INFO - Setting next_dagrun for crm_etl_pipeline to 2026-06-24 06:00:00+00:00, run_after=2026-06-25 06:00:00+00:00
[2026-06-25T01:17:37.403+0000] {processor.py:183} INFO - Processing /opt/airflow/dags/crm_etl_dag.py took 0.704 seconds
[2026-06-25T01:18:08.420+0000] {processor.py:161} INFO - Started process (PID=181) to work on /opt/airflow/dags/crm_etl_dag.py
[2026-06-25T01:18:08.601+0000] {processor.py:830} INFO - Processing file /opt/airflow/dags/crm_etl_dag.py for tasks to queue
[2026-06-25T01:18:08.670+0000] {logging_mixin.py:188} INFO - [2026-06-25T01:18:08.669+0000] {dagbag.py:545} INFO - Filling up the DagBag from /opt/airflow/dags/crm_etl_dag.py
[2026-06-25T01:18:09.014+0000] {processor.py:840} INFO - DAG(s) 'crm_etl_pipeline' retrieved from /opt/airflow/dags/crm_etl_dag.py
[2026-06-25T01:18:09.933+0000] {logging_mixin.py:188} INFO - [2026-06-25T01:18:09.933+0000] {dag.py:3096} INFO - Sync 1 DAGs
[2026-06-25T01:18:10.002+0000] {logging_mixin.py:188} INFO - [2026-06-25T01:18:10.002+0000] {dag.py:3954} INFO - Setting next_dagrun for crm_etl_pipeline to 2026-06-24 06:00:00+00:00, run_after=2026-06-25 06:00:00+00:00
[2026-06-25T01:18:10.036+0000] {processor.py:183} INFO - Processing /opt/airflow/dags/crm_etl_dag.py took 2.291 seconds
[2026-06-25T01:18:41.566+0000] {processor.py:161} INFO - Started process (PID=186) to work on /opt/airflow/dags/crm_etl_dag.py
[2026-06-25T01:18:41.568+0000] {processor.py:830} INFO - Processing file /opt/airflow/dags/crm_etl_dag.py for tasks to queue
[2026-06-25T01:18:41.571+0000] {logging_mixin.py:188} INFO - [2026-06-25T01:18:41.570+0000] {dagbag.py:545} INFO - Filling up the DagBag from /opt/airflow/dags/crm_etl_dag.py
[2026-06-25T01:18:41.609+0000] {processor.py:840} INFO - DAG(s) 'crm_etl_pipeline' retrieved from /opt/airflow/dags/crm_etl_dag.py
[2026-06-25T01:18:41.663+0000] {logging_mixin.py:188} INFO - [2026-06-25T01:18:41.663+0000] {dag.py:3096} INFO - Sync 1 DAGs
[2026-06-25T01:18:41.713+0000] {logging_mixin.py:188} INFO - [2026-06-25T01:18:41.712+0000] {dag.py:3954} INFO - Setting next_dagrun for crm_etl_pipeline to 2026-06-24 06:00:00+00:00, run_after=2026-06-25 06:00:00+00:00
[2026-06-25T01:18:41.738+0000] {processor.py:183} INFO - Processing /opt/airflow/dags/crm_etl_dag.py took 0.190 seconds
[2026-06-25T01:19:12.264+0000] {processor.py:161} INFO - Started process (PID=191) to work on /opt/airflow/dags/crm_etl_dag.py
[2026-06-25T01:19:12.268+0000] {processor.py:830} INFO - Processing file /opt/airflow/dags/crm_etl_dag.py for tasks to queue
[2026-06-25T01:19:12.272+0000] {logging_mixin.py:188} INFO - [2026-06-25T01:19:12.272+0000] {dagbag.py:545} INFO - Filling up the DagBag from /opt/airflow/dags/crm_etl_dag.py
[2026-06-25T01:19:12.305+0000] {processor.py:840} INFO - DAG(s) 'crm_etl_pipeline' retrieved from /opt/airflow/dags/crm_etl_dag.py
[2026-06-25T01:19:12.319+0000] {logging_mixin.py:188} INFO - [2026-06-25T01:19:12.318+0000] {dag.py:3096} INFO - Sync 1 DAGs
[2026-06-25T01:19:12.361+0000] {logging_mixin.py:188} INFO - [2026-06-25T01:19:12.361+0000] {dag.py:3954} INFO - Setting next_dagrun for crm_etl_pipeline to 2026-06-24 06:00:00+00:00, run_after=2026-06-25 06:00:00+00:00
[2026-06-25T01:19:12.380+0000] {processor.py:183} INFO - Processing /opt/airflow/dags/crm_etl_dag.py took 0.122 seconds
[2026-06-25T01:19:42.741+0000] {processor.py:161} INFO - Started process (PID=196) to work on /opt/airflow/dags/crm_etl_dag.py
[2026-06-25T01:19:42.747+0000] {processor.py:830} INFO - Processing file /opt/airflow/dags/crm_etl_dag.py for tasks to queue
[2026-06-25T01:19:42.756+0000] {logging_mixin.py:188} INFO - [2026-06-25T01:19:42.756+0000] {dagbag.py:545} INFO - Filling up the DagBag from /opt/airflow/dags/crm_etl_dag.py
[2026-06-25T01:19:42.902+0000] {processor.py:840} INFO - DAG(s) 'crm_etl_pipeline' retrieved from /opt/airflow/dags/crm_etl_dag.py
[2026-06-25T01:19:43.263+0000] {logging_mixin.py:188} INFO - [2026-06-25T01:19:43.263+0000] {dag.py:3096} INFO - Sync 1 DAGs
[2026-06-25T01:19:43.294+0000] {logging_mixin.py:188} INFO - [2026-06-25T01:19:43.293+0000] {dag.py:3954} INFO - Setting next_dagrun for crm_etl_pipeline to 2026-06-24 06:00:00+00:00, run_after=2026-06-25 06:00:00+00:00
[2026-06-25T01:19:43.319+0000] {processor.py:183} INFO - Processing /opt/airflow/dags/crm_etl_dag.py took 0.626 seconds
[2026-06-25T01:20:13.531+0000] {processor.py:161} INFO - Started process (PID=201) to work on /opt/airflow/dags/crm_etl_dag.py
[2026-06-25T01:20:13.532+0000] {processor.py:830} INFO - Processing file /opt/airflow/dags/crm_etl_dag.py for tasks to queue
[2026-06-25T01:20:13.535+0000] {logging_mixin.py:188} INFO - [2026-06-25T01:20:13.534+0000] {dagbag.py:545} INFO - Filling up the DagBag from /opt/airflow/dags/crm_etl_dag.py
[2026-06-25T01:20:13.586+0000] {processor.py:840} INFO - DAG(s) 'crm_etl_pipeline' retrieved from /opt/airflow/dags/crm_etl_dag.py
[2026-06-25T01:20:13.624+0000] {logging_mixin.py:188} INFO - [2026-06-25T01:20:13.624+0000] {dag.py:3096} INFO - Sync 1 DAGs
[2026-06-25T01:20:13.644+0000] {logging_mixin.py:188} INFO - [2026-06-25T01:20:13.644+0000] {dag.py:3954} INFO - Setting next_dagrun for crm_etl_pipeline to 2026-06-24 06:00:00+00:00, run_after=2026-06-25 06:00:00+00:00
[2026-06-25T01:20:13.662+0000] {processor.py:183} INFO - Processing /opt/airflow/dags/crm_etl_dag.py took 0.135 seconds
[2026-06-25T01:20:43.867+0000] {processor.py:161} INFO - Started process (PID=206) to work on /opt/airflow/dags/crm_etl_dag.py
[2026-06-25T01:20:43.870+0000] {processor.py:830} INFO - Processing file /opt/airflow/dags/crm_etl_dag.py for tasks to queue
[2026-06-25T01:20:43.873+0000] {logging_mixin.py:188} INFO - [2026-06-25T01:20:43.872+0000] {dagbag.py:545} INFO - Filling up the DagBag from /opt/airflow/dags/crm_etl_dag.py
[2026-06-25T01:20:43.924+0000] {processor.py:840} INFO - DAG(s) 'crm_etl_pipeline' retrieved from /opt/airflow/dags/crm_etl_dag.py
[2026-06-25T01:20:43.952+0000] {logging_mixin.py:188} INFO - [2026-06-25T01:20:43.952+0000] {dag.py:3096} INFO - Sync 1 DAGs
[2026-06-25T01:20:43.971+0000] {logging_mixin.py:188} INFO - [2026-06-25T01:20:43.970+0000] {dag.py:3954} INFO - Setting next_dagrun for crm_etl_pipeline to 2026-06-24 06:00:00+00:00, run_after=2026-06-25 06:00:00+00:00
[2026-06-25T01:20:43.987+0000] {processor.py:183} INFO - Processing /opt/airflow/dags/crm_etl_dag.py took 0.125 seconds
[2026-06-25T01:21:14.083+0000] {processor.py:161} INFO - Started process (PID=211) to work on /opt/airflow/dags/crm_etl_dag.py
[2026-06-25T01:21:14.084+0000] {processor.py:830} INFO - Processing file /opt/airflow/dags/crm_etl_dag.py for tasks to queue
[2026-06-25T01:21:14.087+0000] {logging_mixin.py:188} INFO - [2026-06-25T01:21:14.087+0000] {dagbag.py:545} INFO - Filling up the DagBag from /opt/airflow/dags/crm_etl_dag.py
[2026-06-25T01:21:14.134+0000] {processor.py:840} INFO - DAG(s) 'crm_etl_pipeline' retrieved from /opt/airflow/dags/crm_etl_dag.py
[2026-06-25T01:21:14.180+0000] {logging_mixin.py:188} INFO - [2026-06-25T01:21:14.180+0000] {dag.py:3096} INFO - Sync 1 DAGs
[2026-06-25T01:21:14.259+0000] {logging_mixin.py:188} INFO - [2026-06-25T01:21:14.258+0000] {dag.py:3954} INFO - Setting next_dagrun for crm_etl_pipeline to 2026-06-24 06:00:00+00:00, run_after=2026-06-25 06:00:00+00:00
[2026-06-25T01:21:14.299+0000] {processor.py:183} INFO - Processing /opt/airflow/dags/crm_etl_dag.py took 0.232 seconds
[2026-06-25T01:21:44.441+0000] {processor.py:161} INFO - Started process (PID=216) to work on /opt/airflow/dags/crm_etl_dag.py
[2026-06-25T01:21:44.442+0000] {processor.py:830} INFO - Processing file /opt/airflow/dags/crm_etl_dag.py for tasks to queue
[2026-06-25T01:21:44.444+0000] {logging_mixin.py:188} INFO - [2026-06-25T01:21:44.444+0000] {dagbag.py:545} INFO - Filling up the DagBag from /opt/airflow/dags/crm_etl_dag.py
[2026-06-25T01:21:44.462+0000] {processor.py:840} INFO - DAG(s) 'crm_etl_pipeline' retrieved from /opt/airflow/dags/crm_etl_dag.py
[2026-06-25T01:21:44.485+0000] {logging_mixin.py:188} INFO - [2026-06-25T01:21:44.485+0000] {dag.py:3096} INFO - Sync 1 DAGs
[2026-06-25T01:21:44.545+0000] {logging_mixin.py:188} INFO - [2026-06-25T01:21:44.545+0000] {dag.py:3954} INFO - Setting next_dagrun for crm_etl_pipeline to 2026-06-24 06:00:00+00:00, run_after=2026-06-25 06:00:00+00:00
[2026-06-25T01:21:44.563+0000] {processor.py:183} INFO - Processing /opt/airflow/dags/crm_etl_dag.py took 0.127 seconds
[2026-06-25T01:22:14.783+0000] {processor.py:161} INFO - Started process (PID=221) to work on /opt/airflow/dags/crm_etl_dag.py
[2026-06-25T01:22:14.789+0000] {processor.py:830} INFO - Processing file /opt/airflow/dags/crm_etl_dag.py for tasks to queue
[2026-06-25T01:22:14.791+0000] {logging_mixin.py:188} INFO - [2026-06-25T01:22:14.791+0000] {dagbag.py:545} INFO - Filling up the DagBag from /opt/airflow/dags/crm_etl_dag.py
[2026-06-25T01:22:14.816+0000] {processor.py:840} INFO - DAG(s) 'crm_etl_pipeline' retrieved from /opt/airflow/dags/crm_etl_dag.py
[2026-06-25T01:22:14.876+0000] {logging_mixin.py:188} INFO - [2026-06-25T01:22:14.876+0000] {dag.py:3096} INFO - Sync 1 DAGs
[2026-06-25T01:22:14.900+0000] {logging_mixin.py:188} INFO - [2026-06-25T01:22:14.900+0000] {dag.py:3954} INFO - Setting next_dagrun for crm_etl_pipeline to 2026-06-24 06:00:00+00:00, run_after=2026-06-25 06:00:00+00:00
[2026-06-25T01:22:14.975+0000] {processor.py:183} INFO - Processing /opt/airflow/dags/crm_etl_dag.py took 0.197 seconds
[2026-06-25T01:22:45.014+0000] {processor.py:161} INFO - Started process (PID=258) to work on /opt/airflow/dags/crm_etl_dag.py
[2026-06-25T01:22:45.015+0000] {processor.py:830} INFO - Processing file /opt/airflow/dags/crm_etl_dag.py for tasks to queue
[2026-06-25T01:22:45.017+0000] {logging_mixin.py:188} INFO - [2026-06-25T01:22:45.017+0000] {dagbag.py:545} INFO - Filling up the DagBag from /opt/airflow/dags/crm_etl_dag.py
[2026-06-25T01:22:45.097+0000] {processor.py:840} INFO - DAG(s) 'crm_etl_pipeline' retrieved from /opt/airflow/dags/crm_etl_dag.py
[2026-06-25T01:22:45.127+0000] {logging_mixin.py:188} INFO - [2026-06-25T01:22:45.127+0000] {dag.py:3096} INFO - Sync 1 DAGs
[2026-06-25T01:22:45.144+0000] {logging_mixin.py:188} INFO - [2026-06-25T01:22:45.144+0000] {dag.py:3954} INFO - Setting next_dagrun for crm_etl_pipeline to 2026-06-24 06:00:00+00:00, run_after=2026-06-25 06:00:00+00:00
[2026-06-25T01:22:45.160+0000] {processor.py:183} INFO - Processing /opt/airflow/dags/crm_etl_dag.py took 0.150 seconds
[2026-06-25T01:23:15.492+0000] {processor.py:161} INFO - Started process (PID=263) to work on /opt/airflow/dags/crm_etl_dag.py
[2026-06-25T01:23:15.493+0000] {processor.py:830} INFO - Processing file /opt/airflow/dags/crm_etl_dag.py for tasks to queue
[2026-06-25T01:23:15.495+0000] {logging_mixin.py:188} INFO - [2026-06-25T01:23:15.495+0000] {dagbag.py:545} INFO - Filling up the DagBag from /opt/airflow/dags/crm_etl_dag.py
[2026-06-25T01:23:15.533+0000] {processor.py:840} INFO - DAG(s) 'crm_etl_pipeline' retrieved from /opt/airflow/dags/crm_etl_dag.py
[2026-06-25T01:23:15.562+0000] {logging_mixin.py:188} INFO - [2026-06-25T01:23:15.561+0000] {dag.py:3096} INFO - Sync 1 DAGs
[2026-06-25T01:23:15.579+0000] {logging_mixin.py:188} INFO - [2026-06-25T01:23:15.579+0000] {dag.py:3954} INFO - Setting next_dagrun for crm_etl_pipeline to 2026-06-24 06:00:00+00:00, run_after=2026-06-25 06:00:00+00:00
[2026-06-25T01:23:15.595+0000] {processor.py:183} INFO - Processing /opt/airflow/dags/crm_etl_dag.py took 0.107 seconds
[2026-06-25T01:23:45.752+0000] {processor.py:161} INFO - Started process (PID=268) to work on /opt/airflow/dags/crm_etl_dag.py
[2026-06-25T01:23:45.753+0000] {processor.py:830} INFO - Processing file /opt/airflow/dags/crm_etl_dag.py for tasks to queue
[2026-06-25T01:23:45.758+0000] {logging_mixin.py:188} INFO - [2026-06-25T01:23:45.757+0000] {dagbag.py:545} INFO - Filling up the DagBag from /opt/airflow/dags/crm_etl_dag.py
[2026-06-25T01:23:45.797+0000] {processor.py:840} INFO - DAG(s) 'crm_etl_pipeline' retrieved from /opt/airflow/dags/crm_etl_dag.py
[2026-06-25T01:23:45.849+0000] {logging_mixin.py:188} INFO - [2026-06-25T01:23:45.848+0000] {dag.py:3096} INFO - Sync 1 DAGs
[2026-06-25T01:23:45.953+0000] {logging_mixin.py:188} INFO - [2026-06-25T01:23:45.953+0000] {dag.py:3954} INFO - Setting next_dagrun for crm_etl_pipeline to 2026-06-24 06:00:00+00:00, run_after=2026-06-25 06:00:00+00:00
[2026-06-25T01:23:45.993+0000] {processor.py:183} INFO - Processing /opt/airflow/dags/crm_etl_dag.py took 0.246 seconds
[2026-06-25T01:24:16.104+0000] {processor.py:161} INFO - Started process (PID=273) to work on /opt/airflow/dags/crm_etl_dag.py
[2026-06-25T01:24:16.106+0000] {processor.py:830} INFO - Processing file /opt/airflow/dags/crm_etl_dag.py for tasks to queue
[2026-06-25T01:24:16.111+0000] {logging_mixin.py:188} INFO - [2026-06-25T01:24:16.111+0000] {dagbag.py:545} INFO - Filling up the DagBag from /opt/airflow/dags/crm_etl_dag.py
[2026-06-25T01:24:16.132+0000] {processor.py:840} INFO - DAG(s) 'crm_etl_pipeline' retrieved from /opt/airflow/dags/crm_etl_dag.py
[2026-06-25T01:24:16.225+0000] {logging_mixin.py:188} INFO - [2026-06-25T01:24:16.224+0000] {dag.py:3096} INFO - Sync 1 DAGs
[2026-06-25T01:24:16.361+0000] {logging_mixin.py:188} INFO - [2026-06-25T01:24:16.360+0000] {dag.py:3954} INFO - Setting next_dagrun for crm_etl_pipeline to 2026-06-24 06:00:00+00:00, run_after=2026-06-25 06:00:00+00:00
[2026-06-25T01:24:16.430+0000] {processor.py:183} INFO - Processing /opt/airflow/dags/crm_etl_dag.py took 0.330 seconds
[2026-06-25T01:24:46.477+0000] {processor.py:161} INFO - Started process (PID=278) to work on /opt/airflow/dags/crm_etl_dag.py
[2026-06-25T01:24:46.478+0000] {processor.py:830} INFO - Processing file /opt/airflow/dags/crm_etl_dag.py for tasks to queue
[2026-06-25T01:24:46.482+0000] {logging_mixin.py:188} INFO - [2026-06-25T01:24:46.481+0000] {dagbag.py:545} INFO - Filling up the DagBag from /opt/airflow/dags/crm_etl_dag.py
[2026-06-25T01:24:46.503+0000] {processor.py:840} INFO - DAG(s) 'crm_etl_pipeline' retrieved from /opt/airflow/dags/crm_etl_dag.py
[2026-06-25T01:24:46.537+0000] {logging_mixin.py:188} INFO - [2026-06-25T01:24:46.537+0000] {dag.py:3096} INFO - Sync 1 DAGs
[2026-06-25T01:24:46.557+0000] {logging_mixin.py:188} INFO - [2026-06-25T01:24:46.557+0000] {dag.py:3954} INFO - Setting next_dagrun for crm_etl_pipeline to 2026-06-24 06:00:00+00:00, run_after=2026-06-25 06:00:00+00:00
[2026-06-25T01:24:46.575+0000] {processor.py:183} INFO - Processing /opt/airflow/dags/crm_etl_dag.py took 0.104 seconds
[2026-06-25T01:25:16.747+0000] {processor.py:161} INFO - Started process (PID=283) to work on /opt/airflow/dags/crm_etl_dag.py
[2026-06-25T01:25:16.748+0000] {processor.py:830} INFO - Processing file /opt/airflow/dags/crm_etl_dag.py for tasks to queue
[2026-06-25T01:25:16.750+0000] {logging_mixin.py:188} INFO - [2026-06-25T01:25:16.750+0000] {dagbag.py:545} INFO - Filling up the DagBag from /opt/airflow/dags/crm_etl_dag.py
[2026-06-25T01:25:16.769+0000] {processor.py:840} INFO - DAG(s) 'crm_etl_pipeline' retrieved from /opt/airflow/dags/crm_etl_dag.py
[2026-06-25T01:25:16.902+0000] {logging_mixin.py:188} INFO - [2026-06-25T01:25:16.902+0000] {dag.py:3096} INFO - Sync 1 DAGs
[2026-06-25T01:25:16.954+0000] {logging_mixin.py:188} INFO - [2026-06-25T01:25:16.954+0000] {dag.py:3954} INFO - Setting next_dagrun for crm_etl_pipeline to 2026-06-24 06:00:00+00:00, run_after=2026-06-25 06:00:00+00:00
[2026-06-25T01:25:16.993+0000] {processor.py:183} INFO - Processing /opt/airflow/dags/crm_etl_dag.py took 0.251 seconds
[2026-06-25T01:25:47.121+0000] {processor.py:161} INFO - Started process (PID=288) to work on /opt/airflow/dags/crm_etl_dag.py
[2026-06-25T01:25:47.124+0000] {processor.py:830} INFO - Processing file /opt/airflow/dags/crm_etl_dag.py for tasks to queue
[2026-06-25T01:25:47.130+0000] {logging_mixin.py:188} INFO - [2026-06-25T01:25:47.130+0000] {dagbag.py:545} INFO - Filling up the DagBag from /opt/airflow/dags/crm_etl_dag.py
[2026-06-25T01:25:47.167+0000] {processor.py:840} INFO - DAG(s) 'crm_etl_pipeline' retrieved from /opt/airflow/dags/crm_etl_dag.py
[2026-06-25T01:25:47.204+0000] {logging_mixin.py:188} INFO - [2026-06-25T01:25:47.203+0000] {dag.py:3096} INFO - Sync 1 DAGs
[2026-06-25T01:25:47.237+0000] {logging_mixin.py:188} INFO - [2026-06-25T01:25:47.237+0000] {dag.py:3954} INFO - Setting next_dagrun for crm_etl_pipeline to 2026-06-24 06:00:00+00:00, run_after=2026-06-25 06:00:00+00:00
[2026-06-25T01:25:47.253+0000] {processor.py:183} INFO - Processing /opt/airflow/dags/crm_etl_dag.py took 0.138 seconds
[2026-06-25T01:26:17.501+0000] {processor.py:161} INFO - Started process (PID=293) to work on /opt/airflow/dags/crm_etl_dag.py
[2026-06-25T01:26:17.516+0000] {processor.py:830} INFO - Processing file /opt/airflow/dags/crm_etl_dag.py for tasks to queue
[2026-06-25T01:26:17.519+0000] {logging_mixin.py:188} INFO - [2026-06-25T01:26:17.518+0000] {dagbag.py:545} INFO - Filling up the DagBag from /opt/airflow/dags/crm_etl_dag.py
[2026-06-25T01:26:17.539+0000] {processor.py:840} INFO - DAG(s) 'crm_etl_pipeline' retrieved from /opt/airflow/dags/crm_etl_dag.py
[2026-06-25T01:26:17.569+0000] {logging_mixin.py:188} INFO - [2026-06-25T01:26:17.568+0000] {dag.py:3096} INFO - Sync 1 DAGs
[2026-06-25T01:26:17.588+0000] {logging_mixin.py:188} INFO - [2026-06-25T01:26:17.588+0000] {dag.py:3954} INFO - Setting next_dagrun for crm_etl_pipeline to 2026-06-24 06:00:00+00:00, run_after=2026-06-25 06:00:00+00:00
[2026-06-25T01:26:17.606+0000] {processor.py:183} INFO - Processing /opt/airflow/dags/crm_etl_dag.py took 0.110 seconds
[2026-06-25T01:26:47.772+0000] {processor.py:161} INFO - Started process (PID=298) to work on /opt/airflow/dags/crm_etl_dag.py
[2026-06-25T01:26:47.773+0000] {processor.py:830} INFO - Processing file /opt/airflow/dags/crm_etl_dag.py for tasks to queue
[2026-06-25T01:26:47.775+0000] {logging_mixin.py:188} INFO - [2026-06-25T01:26:47.775+0000] {dagbag.py:545} INFO - Filling up the DagBag from /opt/airflow/dags/crm_etl_dag.py
[2026-06-25T01:26:47.796+0000] {processor.py:840} INFO - DAG(s) 'crm_etl_pipeline' retrieved from /opt/airflow/dags/crm_etl_dag.py
[2026-06-25T01:26:47.821+0000] {logging_mixin.py:188} INFO - [2026-06-25T01:26:47.821+0000] {dag.py:3096} INFO - Sync 1 DAGs
[2026-06-25T01:26:47.840+0000] {logging_mixin.py:188} INFO - [2026-06-25T01:26:47.840+0000] {dag.py:3954} INFO - Setting next_dagrun for crm_etl_pipeline to 2026-06-24 06:00:00+00:00, run_after=2026-06-25 06:00:00+00:00
[2026-06-25T01:26:47.860+0000] {processor.py:183} INFO - Processing /opt/airflow/dags/crm_etl_dag.py took 0.093 seconds
[2026-06-25T01:27:18.021+0000] {processor.py:161} INFO - Started process (PID=303) to work on /opt/airflow/dags/crm_etl_dag.py
[2026-06-25T01:27:18.023+0000] {processor.py:830} INFO - Processing file /opt/airflow/dags/crm_etl_dag.py for tasks to queue
[2026-06-25T01:27:18.025+0000] {logging_mixin.py:188} INFO - [2026-06-25T01:27:18.025+0000] {dagbag.py:545} INFO - Filling up the DagBag from /opt/airflow/dags/crm_etl_dag.py
[2026-06-25T01:27:18.053+0000] {processor.py:840} INFO - DAG(s) 'crm_etl_pipeline' retrieved from /opt/airflow/dags/crm_etl_dag.py
[2026-06-25T01:27:18.080+0000] {logging_mixin.py:188} INFO - [2026-06-25T01:27:18.080+0000] {dag.py:3096} INFO - Sync 1 DAGs
[2026-06-25T01:27:18.103+0000] {logging_mixin.py:188} INFO - [2026-06-25T01:27:18.103+0000] {dag.py:3954} INFO - Setting next_dagrun for crm_etl_pipeline to 2026-06-24 06:00:00+00:00, run_after=2026-06-25 06:00:00+00:00
[2026-06-25T01:27:18.120+0000] {processor.py:183} INFO - Processing /opt/airflow/dags/crm_etl_dag.py took 0.104 seconds
[2026-06-25T01:27:48.377+0000] {processor.py:161} INFO - Started process (PID=331) to work on /opt/airflow/dags/crm_etl_dag.py
[2026-06-25T01:27:48.382+0000] {processor.py:830} INFO - Processing file /opt/airflow/dags/crm_etl_dag.py for tasks to queue
[2026-06-25T01:27:48.387+0000] {logging_mixin.py:188} INFO - [2026-06-25T01:27:48.387+0000] {dagbag.py:545} INFO - Filling up the DagBag from /opt/airflow/dags/crm_etl_dag.py
[2026-06-25T01:27:48.424+0000] {processor.py:840} INFO - DAG(s) 'crm_etl_pipeline' retrieved from /opt/airflow/dags/crm_etl_dag.py
[2026-06-25T01:27:48.487+0000] {logging_mixin.py:188} INFO - [2026-06-25T01:27:48.487+0000] {dag.py:3096} INFO - Sync 1 DAGs
[2026-06-25T01:27:48.503+0000] {logging_mixin.py:188} INFO - [2026-06-25T01:27:48.503+0000] {dag.py:3954} INFO - Setting next_dagrun for crm_etl_pipeline to 2026-06-24 06:00:00+00:00, run_after=2026-06-25 06:00:00+00:00
[2026-06-25T01:27:48.518+0000] {processor.py:183} INFO - Processing /opt/airflow/dags/crm_etl_dag.py took 0.146 seconds
[2026-06-25T01:28:18.598+0000] {processor.py:161} INFO - Started process (PID=336) to work on /opt/airflow/dags/crm_etl_dag.py
[2026-06-25T01:28:18.599+0000] {processor.py:830} INFO - Processing file /opt/airflow/dags/crm_etl_dag.py for tasks to queue
[2026-06-25T01:28:18.602+0000] {logging_mixin.py:188} INFO - [2026-06-25T01:28:18.602+0000] {dagbag.py:545} INFO - Filling up the DagBag from /opt/airflow/dags/crm_etl_dag.py
[2026-06-25T01:28:18.618+0000] {processor.py:840} INFO - DAG(s) 'crm_etl_pipeline' retrieved from /opt/airflow/dags/crm_etl_dag.py
[2026-06-25T01:28:18.643+0000] {logging_mixin.py:188} INFO - [2026-06-25T01:28:18.642+0000] {dag.py:3096} INFO - Sync 1 DAGs
[2026-06-25T01:28:18.665+0000] {logging_mixin.py:188} INFO - [2026-06-25T01:28:18.665+0000] {dag.py:3954} INFO - Setting next_dagrun for crm_etl_pipeline to 2026-06-24 06:00:00+00:00, run_after=2026-06-25 06:00:00+00:00
[2026-06-25T01:28:18.707+0000] {processor.py:183} INFO - Processing /opt/airflow/dags/crm_etl_dag.py took 0.117 seconds
[2026-06-25T01:28:48.906+0000] {processor.py:161} INFO - Started process (PID=341) to work on /opt/airflow/dags/crm_etl_dag.py
[2026-06-25T01:28:48.907+0000] {processor.py:830} INFO - Processing file /opt/airflow/dags/crm_etl_dag.py for tasks to queue
[2026-06-25T01:28:48.909+0000] {logging_mixin.py:188} INFO - [2026-06-25T01:28:48.909+0000] {dagbag.py:545} INFO - Filling up the DagBag from /opt/airflow/dags/crm_etl_dag.py
[2026-06-25T01:28:48.933+0000] {processor.py:840} INFO - DAG(s) 'crm_etl_pipeline' retrieved from /opt/airflow/dags/crm_etl_dag.py
[2026-06-25T01:28:48.978+0000] {logging_mixin.py:188} INFO - [2026-06-25T01:28:48.978+0000] {dag.py:3096} INFO - Sync 1 DAGs
[2026-06-25T01:28:48.995+0000] {logging_mixin.py:188} INFO - [2026-06-25T01:28:48.995+0000] {dag.py:3954} INFO - Setting next_dagrun for crm_etl_pipeline to 2026-06-24 06:00:00+00:00, run_after=2026-06-25 06:00:00+00:00
[2026-06-25T01:28:49.017+0000] {processor.py:183} INFO - Processing /opt/airflow/dags/crm_etl_dag.py took 0.115 seconds
[2026-06-25T01:29:19.196+0000] {processor.py:161} INFO - Started process (PID=346) to work on /opt/airflow/dags/crm_etl_dag.py
[2026-06-25T01:29:19.197+0000] {processor.py:830} INFO - Processing file /opt/airflow/dags/crm_etl_dag.py for tasks to queue
[2026-06-25T01:29:19.200+0000] {logging_mixin.py:188} INFO - [2026-06-25T01:29:19.199+0000] {dagbag.py:545} INFO - Filling up the DagBag from /opt/airflow/dags/crm_etl_dag.py
[2026-06-25T01:29:19.221+0000] {processor.py:840} INFO - DAG(s) 'crm_etl_pipeline' retrieved from /opt/airflow/dags/crm_etl_dag.py
[2026-06-25T01:29:19.252+0000] {logging_mixin.py:188} INFO - [2026-06-25T01:29:19.252+0000] {dag.py:3096} INFO - Sync 1 DAGs
[2026-06-25T01:29:19.270+0000] {logging_mixin.py:188} INFO - [2026-06-25T01:29:19.269+0000] {dag.py:3954} INFO - Setting next_dagrun for crm_etl_pipeline to 2026-06-24 06:00:00+00:00, run_after=2026-06-25 06:00:00+00:00
[2026-06-25T01:29:19.285+0000] {processor.py:183} INFO - Processing /opt/airflow/dags/crm_etl_dag.py took 0.095 seconds
[2026-06-25T01:29:49.412+0000] {processor.py:161} INFO - Started process (PID=351) to work on /opt/airflow/dags/crm_etl_dag.py
[2026-06-25T01:29:49.414+0000] {processor.py:830} INFO - Processing file /opt/airflow/dags/crm_etl_dag.py for tasks to queue
[2026-06-25T01:29:49.416+0000] {logging_mixin.py:188} INFO - [2026-06-25T01:29:49.415+0000] {dagbag.py:545} INFO - Filling up the DagBag from /opt/airflow/dags/crm_etl_dag.py
[2026-06-25T01:29:49.470+0000] {processor.py:840} INFO - DAG(s) 'crm_etl_pipeline' retrieved from /opt/airflow/dags/crm_etl_dag.py
[2026-06-25T01:29:49.535+0000] {logging_mixin.py:188} INFO - [2026-06-25T01:29:49.535+0000] {dag.py:3096} INFO - Sync 1 DAGs
[2026-06-25T01:29:49.608+0000] {logging_mixin.py:188} INFO - [2026-06-25T01:29:49.607+0000] {dag.py:3954} INFO - Setting next_dagrun for crm_etl_pipeline to 2026-06-24 06:00:00+00:00, run_after=2026-06-25 06:00:00+00:00
[2026-06-25T01:29:49.627+0000] {processor.py:183} INFO - Processing /opt/airflow/dags/crm_etl_dag.py took 0.222 seconds
[2026-06-25T01:30:19.712+0000] {processor.py:161} INFO - Started process (PID=356) to work on /opt/airflow/dags/crm_etl_dag.py
[2026-06-25T01:30:19.713+0000] {processor.py:830} INFO - Processing file /opt/airflow/dags/crm_etl_dag.py for tasks to queue
[2026-06-25T01:30:19.716+0000] {logging_mixin.py:188} INFO - [2026-06-25T01:30:19.715+0000] {dagbag.py:545} INFO - Filling up the DagBag from /opt/airflow/dags/crm_etl_dag.py
[2026-06-25T01:30:19.742+0000] {processor.py:840} INFO - DAG(s) 'crm_etl_pipeline' retrieved from /opt/airflow/dags/crm_etl_dag.py
[2026-06-25T01:30:19.769+0000] {logging_mixin.py:188} INFO - [2026-06-25T01:30:19.769+0000] {dag.py:3096} INFO - Sync 1 DAGs
[2026-06-25T01:30:19.797+0000] {logging_mixin.py:188} INFO - [2026-06-25T01:30:19.797+0000] {dag.py:3954} INFO - Setting next_dagrun for crm_etl_pipeline to 2026-06-24 06:00:00+00:00, run_after=2026-06-25 06:00:00+00:00
[2026-06-25T01:30:19.822+0000] {processor.py:183} INFO - Processing /opt/airflow/dags/crm_etl_dag.py took 0.114 seconds
[2026-06-25T01:30:50.033+0000] {processor.py:161} INFO - Started process (PID=393) to work on /opt/airflow/dags/crm_etl_dag.py
[2026-06-25T01:30:50.035+0000] {processor.py:830} INFO - Processing file /opt/airflow/dags/crm_etl_dag.py for tasks to queue
[2026-06-25T01:30:50.036+0000] {logging_mixin.py:188} INFO - [2026-06-25T01:30:50.036+0000] {dagbag.py:545} INFO - Filling up the DagBag from /opt/airflow/dags/crm_etl_dag.py
[2026-06-25T01:30:50.058+0000] {processor.py:840} INFO - DAG(s) 'crm_etl_pipeline' retrieved from /opt/airflow/dags/crm_etl_dag.py
[2026-06-25T01:30:50.090+0000] {logging_mixin.py:188} INFO - [2026-06-25T01:30:50.090+0000] {dag.py:3096} INFO - Sync 1 DAGs
[2026-06-25T01:30:50.110+0000] {logging_mixin.py:188} INFO - [2026-06-25T01:30:50.110+0000] {dag.py:3954} INFO - Setting next_dagrun for crm_etl_pipeline to 2026-06-24 06:00:00+00:00, run_after=2026-06-25 06:00:00+00:00
[2026-06-25T01:30:50.129+0000] {processor.py:183} INFO - Processing /opt/airflow/dags/crm_etl_dag.py took 0.101 seconds
[2026-06-25T01:31:20.288+0000] {processor.py:161} INFO - Started process (PID=398) to work on /opt/airflow/dags/crm_etl_dag.py
[2026-06-25T01:31:20.289+0000] {processor.py:830} INFO - Processing file /opt/airflow/dags/crm_etl_dag.py for tasks to queue
[2026-06-25T01:31:20.292+0000] {logging_mixin.py:188} INFO - [2026-06-25T01:31:20.291+0000] {dagbag.py:545} INFO - Filling up the DagBag from /opt/airflow/dags/crm_etl_dag.py
[2026-06-25T01:31:20.312+0000] {processor.py:840} INFO - DAG(s) 'crm_etl_pipeline' retrieved from /opt/airflow/dags/crm_etl_dag.py
[2026-06-25T01:31:20.390+0000] {logging_mixin.py:188} INFO - [2026-06-25T01:31:20.390+0000] {dag.py:3096} INFO - Sync 1 DAGs
[2026-06-25T01:31:20.431+0000] {logging_mixin.py:188} INFO - [2026-06-25T01:31:20.430+0000] {dag.py:3954} INFO - Setting next_dagrun for crm_etl_pipeline to 2026-06-24 06:00:00+00:00, run_after=2026-06-25 06:00:00+00:00
[2026-06-25T01:31:20.454+0000] {processor.py:183} INFO - Processing /opt/airflow/dags/crm_etl_dag.py took 0.177 seconds
[2026-06-25T01:31:50.646+0000] {processor.py:161} INFO - Started process (PID=403) to work on /opt/airflow/dags/crm_etl_dag.py
[2026-06-25T01:31:50.649+0000] {processor.py:830} INFO - Processing file /opt/airflow/dags/crm_etl_dag.py for tasks to queue
[2026-06-25T01:31:50.667+0000] {logging_mixin.py:188} INFO - [2026-06-25T01:31:50.665+0000] {dagbag.py:545} INFO - Filling up the DagBag from /opt/airflow/dags/crm_etl_dag.py
[2026-06-25T01:31:50.779+0000] {processor.py:840} INFO - DAG(s) 'crm_etl_pipeline' retrieved from /opt/airflow/dags/crm_etl_dag.py
[2026-06-25T01:31:50.925+0000] {logging_mixin.py:188} INFO - [2026-06-25T01:31:50.924+0000] {dag.py:3096} INFO - Sync 1 DAGs
[2026-06-25T01:31:51.009+0000] {logging_mixin.py:188} INFO - [2026-06-25T01:31:51.009+0000] {dag.py:3954} INFO - Setting next_dagrun for crm_etl_pipeline to 2026-06-24 06:00:00+00:00, run_after=2026-06-25 06:00:00+00:00
[2026-06-25T01:31:51.047+0000] {processor.py:183} INFO - Processing /opt/airflow/dags/crm_etl_dag.py took 0.435 seconds
[2026-06-25T01:32:21.274+0000] {processor.py:161} INFO - Started process (PID=408) to work on /opt/airflow/dags/crm_etl_dag.py
[2026-06-25T01:32:21.276+0000] {processor.py:830} INFO - Processing file /opt/airflow/dags/crm_etl_dag.py for tasks to queue
[2026-06-25T01:32:21.279+0000] {logging_mixin.py:188} INFO - [2026-06-25T01:32:21.278+0000] {dagbag.py:545} INFO - Filling up the DagBag from /opt/airflow/dags/crm_etl_dag.py
[2026-06-25T01:32:21.305+0000] {processor.py:840} INFO - DAG(s) 'crm_etl_pipeline' retrieved from /opt/airflow/dags/crm_etl_dag.py
[2026-06-25T01:32:21.346+0000] {logging_mixin.py:188} INFO - [2026-06-25T01:32:21.346+0000] {dag.py:3096} INFO - Sync 1 DAGs
[2026-06-25T01:32:21.372+0000] {logging_mixin.py:188} INFO - [2026-06-25T01:32:21.372+0000] {dag.py:3954} INFO - Setting next_dagrun for crm_etl_pipeline to 2026-06-24 06:00:00+00:00, run_after=2026-06-25 06:00:00+00:00
[2026-06-25T01:32:21.391+0000] {processor.py:183} INFO - Processing /opt/airflow/dags/crm_etl_dag.py took 0.122 seconds
[2026-06-25T01:32:51.563+0000] {processor.py:161} INFO - Started process (PID=413) to work on /opt/airflow/dags/crm_etl_dag.py
[2026-06-25T01:32:51.565+0000] {processor.py:830} INFO - Processing file /opt/airflow/dags/crm_etl_dag.py for tasks to queue
[2026-06-25T01:32:51.567+0000] {logging_mixin.py:188} INFO - [2026-06-25T01:32:51.567+0000] {dagbag.py:545} INFO - Filling up the DagBag from /opt/airflow/dags/crm_etl_dag.py
[2026-06-25T01:32:51.593+0000] {processor.py:840} INFO - DAG(s) 'crm_etl_pipeline' retrieved from /opt/airflow/dags/crm_etl_dag.py
[2026-06-25T01:32:51.627+0000] {logging_mixin.py:188} INFO - [2026-06-25T01:32:51.627+0000] {dag.py:3096} INFO - Sync 1 DAGs
[2026-06-25T01:32:51.672+0000] {logging_mixin.py:188} INFO - [2026-06-25T01:32:51.672+0000] {dag.py:3954} INFO - Setting next_dagrun for crm_etl_pipeline to 2026-06-24 06:00:00+00:00, run_after=2026-06-25 06:00:00+00:00
[2026-06-25T01:32:51.717+0000] {processor.py:183} INFO - Processing /opt/airflow/dags/crm_etl_dag.py took 0.159 seconds
[2026-06-25T01:33:21.878+0000] {processor.py:161} INFO - Started process (PID=418) to work on /opt/airflow/dags/crm_etl_dag.py
[2026-06-25T01:33:21.879+0000] {processor.py:830} INFO - Processing file /opt/airflow/dags/crm_etl_dag.py for tasks to queue
[2026-06-25T01:33:21.884+0000] {logging_mixin.py:188} INFO - [2026-06-25T01:33:21.880+0000] {dagbag.py:545} INFO - Filling up the DagBag from /opt/airflow/dags/crm_etl_dag.py
[2026-06-25T01:33:21.918+0000] {processor.py:840} INFO - DAG(s) 'crm_etl_pipeline' retrieved from /opt/airflow/dags/crm_etl_dag.py
[2026-06-25T01:33:21.958+0000] {logging_mixin.py:188} INFO - [2026-06-25T01:33:21.958+0000] {dag.py:3096} INFO - Sync 1 DAGs
[2026-06-25T01:33:22.010+0000] {logging_mixin.py:188} INFO - [2026-06-25T01:33:22.010+0000] {dag.py:3954} INFO - Setting next_dagrun for crm_etl_pipeline to 2026-06-24 06:00:00+00:00, run_after=2026-06-25 06:00:00+00:00
[2026-06-25T01:33:22.055+0000] {processor.py:183} INFO - Processing /opt/airflow/dags/crm_etl_dag.py took 0.182 seconds
[2026-06-25T01:33:52.276+0000] {processor.py:161} INFO - Started process (PID=423) to work on /opt/airflow/dags/crm_etl_dag.py
[2026-06-25T01:33:52.277+0000] {processor.py:830} INFO - Processing file /opt/airflow/dags/crm_etl_dag.py for tasks to queue
[2026-06-25T01:33:52.280+0000] {logging_mixin.py:188} INFO - [2026-06-25T01:33:52.279+0000] {dagbag.py:545} INFO - Filling up the DagBag from /opt/airflow/dags/crm_etl_dag.py
[2026-06-25T01:33:52.312+0000] {processor.py:840} INFO - DAG(s) 'crm_etl_pipeline' retrieved from /opt/airflow/dags/crm_etl_dag.py
[2026-06-25T01:33:52.346+0000] {logging_mixin.py:188} INFO - [2026-06-25T01:33:52.346+0000] {dag.py:3096} INFO - Sync 1 DAGs
[2026-06-25T01:33:52.380+0000] {logging_mixin.py:188} INFO - [2026-06-25T01:33:52.379+0000] {dag.py:3954} INFO - Setting next_dagrun for crm_etl_pipeline to 2026-06-24 06:00:00+00:00, run_after=2026-06-25 06:00:00+00:00
[2026-06-25T01:33:52.403+0000] {processor.py:183} INFO - Processing /opt/airflow/dags/crm_etl_dag.py took 0.160 seconds
[2026-06-25T01:34:22.606+0000] {processor.py:161} INFO - Started process (PID=428) to work on /opt/airflow/dags/crm_etl_dag.py
[2026-06-25T01:34:22.612+0000] {processor.py:830} INFO - Processing file /opt/airflow/dags/crm_etl_dag.py for tasks to queue
[2026-06-25T01:34:22.617+0000] {logging_mixin.py:188} INFO - [2026-06-25T01:34:22.617+0000] {dagbag.py:545} INFO - Filling up the DagBag from /opt/airflow/dags/crm_etl_dag.py
[2026-06-25T01:34:22.678+0000] {processor.py:840} INFO - DAG(s) 'crm_etl_pipeline' retrieved from /opt/airflow/dags/crm_etl_dag.py
[2026-06-25T01:34:22.718+0000] {logging_mixin.py:188} INFO - [2026-06-25T01:34:22.718+0000] {dag.py:3096} INFO - Sync 1 DAGs
[2026-06-25T01:34:22.796+0000] {logging_mixin.py:188} INFO - [2026-06-25T01:34:22.796+0000] {dag.py:3954} INFO - Setting next_dagrun for crm_etl_pipeline to 2026-06-24 06:00:00+00:00, run_after=2026-06-25 06:00:00+00:00
[2026-06-25T01:34:22.813+0000] {processor.py:183} INFO - Processing /opt/airflow/dags/crm_etl_dag.py took 0.211 seconds
[2026-06-25T01:34:53.104+0000] {processor.py:161} INFO - Started process (PID=433) to work on /opt/airflow/dags/crm_etl_dag.py
[2026-06-25T01:34:53.106+0000] {processor.py:830} INFO - Processing file /opt/airflow/dags/crm_etl_dag.py for tasks to queue
[2026-06-25T01:34:53.108+0000] {logging_mixin.py:188} INFO - [2026-06-25T01:34:53.108+0000] {dagbag.py:545} INFO - Filling up the DagBag from /opt/airflow/dags/crm_etl_dag.py
[2026-06-25T01:34:53.131+0000] {processor.py:840} INFO - DAG(s) 'crm_etl_pipeline' retrieved from /opt/airflow/dags/crm_etl_dag.py
[2026-06-25T01:34:53.174+0000] {logging_mixin.py:188} INFO - [2026-06-25T01:34:53.173+0000] {dag.py:3096} INFO - Sync 1 DAGs
[2026-06-25T01:34:53.195+0000] {logging_mixin.py:188} INFO - [2026-06-25T01:34:53.195+0000] {dag.py:3954} INFO - Setting next_dagrun for crm_etl_pipeline to 2026-06-24 06:00:00+00:00, run_after=2026-06-25 06:00:00+00:00
[2026-06-25T01:34:53.223+0000] {processor.py:183} INFO - Processing /opt/airflow/dags/crm_etl_dag.py took 0.125 seconds
[2026-06-25T01:35:23.343+0000] {processor.py:161} INFO - Started process (PID=438) to work on /opt/airflow/dags/crm_etl_dag.py
[2026-06-25T01:35:23.344+0000] {processor.py:830} INFO - Processing file /opt/airflow/dags/crm_etl_dag.py for tasks to queue
[2026-06-25T01:35:23.346+0000] {logging_mixin.py:188} INFO - [2026-06-25T01:35:23.345+0000] {dagbag.py:545} INFO - Filling up the DagBag from /opt/airflow/dags/crm_etl_dag.py
[2026-06-25T01:35:23.367+0000] {processor.py:840} INFO - DAG(s) 'crm_etl_pipeline' retrieved from /opt/airflow/dags/crm_etl_dag.py
[2026-06-25T01:35:23.407+0000] {logging_mixin.py:188} INFO - [2026-06-25T01:35:23.407+0000] {dag.py:3096} INFO - Sync 1 DAGs
[2026-06-25T01:35:23.426+0000] {logging_mixin.py:188} INFO - [2026-06-25T01:35:23.426+0000] {dag.py:3954} INFO - Setting next_dagrun for crm_etl_pipeline to 2026-06-24 06:00:00+00:00, run_after=2026-06-25 06:00:00+00:00
[2026-06-25T01:35:23.454+0000] {processor.py:183} INFO - Processing /opt/airflow/dags/crm_etl_dag.py took 0.116 seconds
[2026-06-25T01:35:53.679+0000] {processor.py:161} INFO - Started process (PID=466) to work on /opt/airflow/dags/crm_etl_dag.py
[2026-06-25T01:35:53.680+0000] {processor.py:830} INFO - Processing file /opt/airflow/dags/crm_etl_dag.py for tasks to queue
[2026-06-25T01:35:53.683+0000] {logging_mixin.py:188} INFO - [2026-06-25T01:35:53.682+0000] {dagbag.py:545} INFO - Filling up the DagBag from /opt/airflow/dags/crm_etl_dag.py
[2026-06-25T01:35:53.706+0000] {processor.py:840} INFO - DAG(s) 'crm_etl_pipeline' retrieved from /opt/airflow/dags/crm_etl_dag.py
[2026-06-25T01:35:53.749+0000] {logging_mixin.py:188} INFO - [2026-06-25T01:35:53.749+0000] {dag.py:3096} INFO - Sync 1 DAGs
[2026-06-25T01:35:53.770+0000] {logging_mixin.py:188} INFO - [2026-06-25T01:35:53.770+0000] {dag.py:3954} INFO - Setting next_dagrun for crm_etl_pipeline to 2026-06-24 06:00:00+00:00, run_after=2026-06-25 06:00:00+00:00
[2026-06-25T01:35:53.787+0000] {processor.py:183} INFO - Processing /opt/airflow/dags/crm_etl_dag.py took 0.114 seconds
[2026-06-25T01:36:24.032+0000] {processor.py:161} INFO - Started process (PID=471) to work on /opt/airflow/dags/crm_etl_dag.py
[2026-06-25T01:36:24.033+0000] {processor.py:830} INFO - Processing file /opt/airflow/dags/crm_etl_dag.py for tasks to queue
[2026-06-25T01:36:24.035+0000] {logging_mixin.py:188} INFO - [2026-06-25T01:36:24.034+0000] {dagbag.py:545} INFO - Filling up the DagBag from /opt/airflow/dags/crm_etl_dag.py
[2026-06-25T01:36:24.049+0000] {processor.py:840} INFO - DAG(s) 'crm_etl_pipeline' retrieved from /opt/airflow/dags/crm_etl_dag.py
[2026-06-25T01:36:24.072+0000] {logging_mixin.py:188} INFO - [2026-06-25T01:36:24.072+0000] {dag.py:3096} INFO - Sync 1 DAGs
[2026-06-25T01:36:24.089+0000] {logging_mixin.py:188} INFO - [2026-06-25T01:36:24.088+0000] {dag.py:3954} INFO - Setting next_dagrun for crm_etl_pipeline to 2026-06-24 06:00:00+00:00, run_after=2026-06-25 06:00:00+00:00
[2026-06-25T01:36:24.105+0000] {processor.py:183} INFO - Processing /opt/airflow/dags/crm_etl_dag.py took 0.078 seconds
[2026-06-25T01:36:54.288+0000] {processor.py:161} INFO - Started process (PID=476) to work on /opt/airflow/dags/crm_etl_dag.py
[2026-06-25T01:36:54.289+0000] {processor.py:830} INFO - Processing file /opt/airflow/dags/crm_etl_dag.py for tasks to queue
[2026-06-25T01:36:54.291+0000] {logging_mixin.py:188} INFO - [2026-06-25T01:36:54.291+0000] {dagbag.py:545} INFO - Filling up the DagBag from /opt/airflow/dags/crm_etl_dag.py
[2026-06-25T01:36:54.334+0000] {processor.py:840} INFO - DAG(s) 'crm_etl_pipeline' retrieved from /opt/airflow/dags/crm_etl_dag.py
[2026-06-25T01:36:54.399+0000] {logging_mixin.py:188} INFO - [2026-06-25T01:36:54.399+0000] {dag.py:3096} INFO - Sync 1 DAGs
[2026-06-25T01:36:54.453+0000] {logging_mixin.py:188} INFO - [2026-06-25T01:36:54.452+0000] {dag.py:3954} INFO - Setting next_dagrun for crm_etl_pipeline to 2026-06-24 06:00:00+00:00, run_after=2026-06-25 06:00:00+00:00
[2026-06-25T01:36:54.478+0000] {processor.py:183} INFO - Processing /opt/airflow/dags/crm_etl_dag.py took 0.195 seconds
[2026-06-25T01:37:24.563+0000] {processor.py:161} INFO - Started process (PID=481) to work on /opt/airflow/dags/crm_etl_dag.py
[2026-06-25T01:37:24.567+0000] {processor.py:830} INFO - Processing file /opt/airflow/dags/crm_etl_dag.py for tasks to queue
[2026-06-25T01:37:24.570+0000] {logging_mixin.py:188} INFO - [2026-06-25T01:37:24.569+0000] {dagbag.py:545} INFO - Filling up the DagBag from /opt/airflow/dags/crm_etl_dag.py
[2026-06-25T01:37:24.604+0000] {processor.py:840} INFO - DAG(s) 'crm_etl_pipeline' retrieved from /opt/airflow/dags/crm_etl_dag.py
[2026-06-25T01:37:24.635+0000] {logging_mixin.py:188} INFO - [2026-06-25T01:37:24.635+0000] {dag.py:3096} INFO - Sync 1 DAGs
[2026-06-25T01:37:24.656+0000] {logging_mixin.py:188} INFO - [2026-06-25T01:37:24.656+0000] {dag.py:3954} INFO - Setting next_dagrun for crm_etl_pipeline to 2026-06-24 06:00:00+00:00, run_after=2026-06-25 06:00:00+00:00
[2026-06-25T01:37:24.676+0000] {processor.py:183} INFO - Processing /opt/airflow/dags/crm_etl_dag.py took 0.118 seconds
[2026-06-25T01:37:54.900+0000] {processor.py:161} INFO - Started process (PID=486) to work on /opt/airflow/dags/crm_etl_dag.py
[2026-06-25T01:37:54.902+0000] {processor.py:830} INFO - Processing file /opt/airflow/dags/crm_etl_dag.py for tasks to queue
[2026-06-25T01:37:54.904+0000] {logging_mixin.py:188} INFO - [2026-06-25T01:37:54.904+0000] {dagbag.py:545} INFO - Filling up the DagBag from /opt/airflow/dags/crm_etl_dag.py
[2026-06-25T01:37:54.938+0000] {processor.py:840} INFO - DAG(s) 'crm_etl_pipeline' retrieved from /opt/airflow/dags/crm_etl_dag.py
[2026-06-25T01:37:54.991+0000] {logging_mixin.py:188} INFO - [2026-06-25T01:37:54.991+0000] {dag.py:3096} INFO - Sync 1 DAGs
[2026-06-25T01:37:55.035+0000] {logging_mixin.py:188} INFO - [2026-06-25T01:37:55.035+0000] {dag.py:3954} INFO - Setting next_dagrun for crm_etl_pipeline to 2026-06-24 06:00:00+00:00, run_after=2026-06-25 06:00:00+00:00
[2026-06-25T01:37:55.067+0000] {processor.py:183} INFO - Processing /opt/airflow/dags/crm_etl_dag.py took 0.172 seconds
[2026-06-25T01:38:25.454+0000] {processor.py:161} INFO - Started process (PID=491) to work on /opt/airflow/dags/crm_etl_dag.py
[2026-06-25T01:38:25.477+0000] {processor.py:830} INFO - Processing file /opt/airflow/dags/crm_etl_dag.py for tasks to queue
[2026-06-25T01:38:25.504+0000] {logging_mixin.py:188} INFO - [2026-06-25T01:38:25.499+0000] {dagbag.py:545} INFO - Filling up the DagBag from /opt/airflow/dags/crm_etl_dag.py
[2026-06-25T01:38:25.814+0000] {processor.py:840} INFO - DAG(s) 'crm_etl_pipeline' retrieved from /opt/airflow/dags/crm_etl_dag.py
[2026-06-25T01:38:26.169+0000] {logging_mixin.py:188} INFO - [2026-06-25T01:38:26.168+0000] {dag.py:3096} INFO - Sync 1 DAGs
[2026-06-25T01:38:26.440+0000] {logging_mixin.py:188} INFO - [2026-06-25T01:38:26.439+0000] {dag.py:3954} INFO - Setting next_dagrun for crm_etl_pipeline to 2026-06-24 06:00:00+00:00, run_after=2026-06-25 06:00:00+00:00
[2026-06-25T01:38:26.542+0000] {processor.py:183} INFO - Processing /opt/airflow/dags/crm_etl_dag.py took 1.246 seconds
[2026-06-25T01:38:56.801+0000] {processor.py:161} INFO - Started process (PID=496) to work on /opt/airflow/dags/crm_etl_dag.py
[2026-06-25T01:38:56.802+0000] {processor.py:830} INFO - Processing file /opt/airflow/dags/crm_etl_dag.py for tasks to queue
[2026-06-25T01:38:56.804+0000] {logging_mixin.py:188} INFO - [2026-06-25T01:38:56.804+0000] {dagbag.py:545} INFO - Filling up the DagBag from /opt/airflow/dags/crm_etl_dag.py
[2026-06-25T01:38:56.820+0000] {processor.py:840} INFO - DAG(s) 'crm_etl_pipeline' retrieved from /opt/airflow/dags/crm_etl_dag.py
[2026-06-25T01:38:56.846+0000] {logging_mixin.py:188} INFO - [2026-06-25T01:38:56.846+0000] {dag.py:3096} INFO - Sync 1 DAGs
[2026-06-25T01:38:56.862+0000] {logging_mixin.py:188} INFO - [2026-06-25T01:38:56.862+0000] {dag.py:3954} INFO - Setting next_dagrun for crm_etl_pipeline to 2026-06-24 06:00:00+00:00, run_after=2026-06-25 06:00:00+00:00
[2026-06-25T01:38:56.877+0000] {processor.py:183} INFO - Processing /opt/airflow/dags/crm_etl_dag.py took 0.085 seconds
[2026-06-25T01:39:27.016+0000] {processor.py:161} INFO - Started process (PID=501) to work on /opt/airflow/dags/crm_etl_dag.py
[2026-06-25T01:39:27.018+0000] {processor.py:830} INFO - Processing file /opt/airflow/dags/crm_etl_dag.py for tasks to queue
[2026-06-25T01:39:27.021+0000] {logging_mixin.py:188} INFO - [2026-06-25T01:39:27.020+0000] {dagbag.py:545} INFO - Filling up the DagBag from /opt/airflow/dags/crm_etl_dag.py
[2026-06-25T01:39:27.047+0000] {processor.py:840} INFO - DAG(s) 'crm_etl_pipeline' retrieved from /opt/airflow/dags/crm_etl_dag.py
[2026-06-25T01:39:27.082+0000] {logging_mixin.py:188} INFO - [2026-06-25T01:39:27.082+0000] {dag.py:3096} INFO - Sync 1 DAGs
[2026-06-25T01:39:27.106+0000] {logging_mixin.py:188} INFO - [2026-06-25T01:39:27.106+0000] {dag.py:3954} INFO - Setting next_dagrun for crm_etl_pipeline to 2026-06-24 06:00:00+00:00, run_after=2026-06-25 06:00:00+00:00
[2026-06-25T01:39:27.124+0000] {processor.py:183} INFO - Processing /opt/airflow/dags/crm_etl_dag.py took 0.114 seconds
[2026-06-25T01:39:57.318+0000] {processor.py:161} INFO - Started process (PID=506) to work on /opt/airflow/dags/crm_etl_dag.py
[2026-06-25T01:39:57.320+0000] {processor.py:830} INFO - Processing file /opt/airflow/dags/crm_etl_dag.py for tasks to queue
[2026-06-25T01:39:57.322+0000] {logging_mixin.py:188} INFO - [2026-06-25T01:39:57.321+0000] {dagbag.py:545} INFO - Filling up the DagBag from /opt/airflow/dags/crm_etl_dag.py
[2026-06-25T01:39:57.338+0000] {processor.py:840} INFO - DAG(s) 'crm_etl_pipeline' retrieved from /opt/airflow/dags/crm_etl_dag.py
[2026-06-25T01:39:57.367+0000] {logging_mixin.py:188} INFO - [2026-06-25T01:39:57.367+0000] {dag.py:3096} INFO - Sync 1 DAGs
[2026-06-25T01:39:57.386+0000] {logging_mixin.py:188} INFO - [2026-06-25T01:39:57.386+0000] {dag.py:3954} INFO - Setting next_dagrun for crm_etl_pipeline to 2026-06-24 06:00:00+00:00, run_after=2026-06-25 06:00:00+00:00
[2026-06-25T01:39:57.404+0000] {processor.py:183} INFO - Processing /opt/airflow/dags/crm_etl_dag.py took 0.091 seconds
[2026-06-25T01:40:27.638+0000] {processor.py:161} INFO - Started process (PID=511) to work on /opt/airflow/dags/crm_etl_dag.py
[2026-06-25T01:40:27.639+0000] {processor.py:830} INFO - Processing file /opt/airflow/dags/crm_etl_dag.py for tasks to queue
[2026-06-25T01:40:27.642+0000] {logging_mixin.py:188} INFO - [2026-06-25T01:40:27.642+0000] {dagbag.py:545} INFO - Filling up the DagBag from /opt/airflow/dags/crm_etl_dag.py
[2026-06-25T01:40:27.668+0000] {processor.py:840} INFO - DAG(s) 'crm_etl_pipeline' retrieved from /opt/airflow/dags/crm_etl_dag.py
[2026-06-25T01:40:27.721+0000] {logging_mixin.py:188} INFO - [2026-06-25T01:40:27.721+0000] {dag.py:3096} INFO - Sync 1 DAGs
[2026-06-25T01:40:27.758+0000] {logging_mixin.py:188} INFO - [2026-06-25T01:40:27.758+0000] {dag.py:3954} INFO - Setting next_dagrun for crm_etl_pipeline to 2026-06-24 06:00:00+00:00, run_after=2026-06-25 06:00:00+00:00
[2026-06-25T01:40:27.781+0000] {processor.py:183} INFO - Processing /opt/airflow/dags/crm_etl_dag.py took 0.151 seconds
[2026-06-25T01:40:57.838+0000] {processor.py:161} INFO - Started process (PID=516) to work on /opt/airflow/dags/crm_etl_dag.py
[2026-06-25T01:40:57.839+0000] {processor.py:830} INFO - Processing file /opt/airflow/dags/crm_etl_dag.py for tasks to queue
[2026-06-25T01:40:57.841+0000] {logging_mixin.py:188} INFO - [2026-06-25T01:40:57.840+0000] {dagbag.py:545} INFO - Filling up the DagBag from /opt/airflow/dags/crm_etl_dag.py
[2026-06-25T01:40:57.855+0000] {processor.py:840} INFO - DAG(s) 'crm_etl_pipeline' retrieved from /opt/airflow/dags/crm_etl_dag.py
[2026-06-25T01:40:57.916+0000] {logging_mixin.py:188} INFO - [2026-06-25T01:40:57.915+0000] {dag.py:3096} INFO - Sync 1 DAGs
[2026-06-25T01:40:57.944+0000] {logging_mixin.py:188} INFO - [2026-06-25T01:40:57.943+0000] {dag.py:3954} INFO - Setting next_dagrun for crm_etl_pipeline to 2026-06-24 06:00:00+00:00, run_after=2026-06-25 06:00:00+00:00
[2026-06-25T01:40:57.984+0000] {processor.py:183} INFO - Processing /opt/airflow/dags/crm_etl_dag.py took 0.151 seconds
[2026-06-25T01:41:28.122+0000] {processor.py:161} INFO - Started process (PID=521) to work on /opt/airflow/dags/crm_etl_dag.py
[2026-06-25T01:41:28.125+0000] {processor.py:830} INFO - Processing file /opt/airflow/dags/crm_etl_dag.py for tasks to queue
[2026-06-25T01:41:28.130+0000] {logging_mixin.py:188} INFO - [2026-06-25T01:41:28.129+0000] {dagbag.py:545} INFO - Filling up the DagBag from /opt/airflow/dags/crm_etl_dag.py
[2026-06-25T01:41:28.174+0000] {processor.py:840} INFO - DAG(s) 'crm_etl_pipeline' retrieved from /opt/airflow/dags/crm_etl_dag.py
[2026-06-25T01:41:28.226+0000] {logging_mixin.py:188} INFO - [2026-06-25T01:41:28.226+0000] {dag.py:3096} INFO - Sync 1 DAGs
[2026-06-25T01:41:28.243+0000] {logging_mixin.py:188} INFO - [2026-06-25T01:41:28.243+0000] {dag.py:3954} INFO - Setting next_dagrun for crm_etl_pipeline to 2026-06-24 06:00:00+00:00, run_after=2026-06-25 06:00:00+00:00
[2026-06-25T01:41:28.258+0000] {processor.py:183} INFO - Processing /opt/airflow/dags/crm_etl_dag.py took 0.152 seconds
[2026-06-25T01:41:58.511+0000] {processor.py:161} INFO - Started process (PID=526) to work on /opt/airflow/dags/crm_etl_dag.py
[2026-06-25T01:41:58.513+0000] {processor.py:830} INFO - Processing file /opt/airflow/dags/crm_etl_dag.py for tasks to queue
[2026-06-25T01:41:58.514+0000] {logging_mixin.py:188} INFO - [2026-06-25T01:41:58.514+0000] {dagbag.py:545} INFO - Filling up the DagBag from /opt/airflow/dags/crm_etl_dag.py
[2026-06-25T01:41:58.531+0000] {processor.py:840} INFO - DAG(s) 'crm_etl_pipeline' retrieved from /opt/airflow/dags/crm_etl_dag.py
[2026-06-25T01:41:58.558+0000] {logging_mixin.py:188} INFO - [2026-06-25T01:41:58.558+0000] {dag.py:3096} INFO - Sync 1 DAGs
[2026-06-25T01:41:58.576+0000] {logging_mixin.py:188} INFO - [2026-06-25T01:41:58.576+0000] {dag.py:3954} INFO - Setting next_dagrun for crm_etl_pipeline to 2026-06-24 06:00:00+00:00, run_after=2026-06-25 06:00:00+00:00
[2026-06-25T01:41:58.595+0000] {processor.py:183} INFO - Processing /opt/airflow/dags/crm_etl_dag.py took 0.088 seconds
[2026-06-25T01:42:28.731+0000] {processor.py:161} INFO - Started process (PID=531) to work on /opt/airflow/dags/crm_etl_dag.py
[2026-06-25T01:42:28.733+0000] {processor.py:830} INFO - Processing file /opt/airflow/dags/crm_etl_dag.py for tasks to queue
[2026-06-25T01:42:28.739+0000] {logging_mixin.py:188} INFO - [2026-06-25T01:42:28.737+0000] {dagbag.py:545} INFO - Filling up the DagBag from /opt/airflow/dags/crm_etl_dag.py
[2026-06-25T01:42:28.764+0000] {processor.py:840} INFO - DAG(s) 'crm_etl_pipeline' retrieved from /opt/airflow/dags/crm_etl_dag.py
[2026-06-25T01:42:28.804+0000] {logging_mixin.py:188} INFO - [2026-06-25T01:42:28.804+0000] {dag.py:3096} INFO - Sync 1 DAGs
[2026-06-25T01:42:28.825+0000] {logging_mixin.py:188} INFO - [2026-06-25T01:42:28.825+0000] {dag.py:3954} INFO - Setting next_dagrun for crm_etl_pipeline to 2026-06-24 06:00:00+00:00, run_after=2026-06-25 06:00:00+00:00
[2026-06-25T01:42:28.873+0000] {processor.py:183} INFO - Processing /opt/airflow/dags/crm_etl_dag.py took 0.146 seconds
[2026-06-25T01:42:59.042+0000] {processor.py:161} INFO - Started process (PID=536) to work on /opt/airflow/dags/crm_etl_dag.py
[2026-06-25T01:42:59.044+0000] {processor.py:830} INFO - Processing file /opt/airflow/dags/crm_etl_dag.py for tasks to queue
[2026-06-25T01:42:59.046+0000] {logging_mixin.py:188} INFO - [2026-06-25T01:42:59.046+0000] {dagbag.py:545} INFO - Filling up the DagBag from /opt/airflow/dags/crm_etl_dag.py
[2026-06-25T01:42:59.064+0000] {processor.py:840} INFO - DAG(s) 'crm_etl_pipeline' retrieved from /opt/airflow/dags/crm_etl_dag.py
[2026-06-25T01:42:59.089+0000] {logging_mixin.py:188} INFO - [2026-06-25T01:42:59.089+0000] {dag.py:3096} INFO - Sync 1 DAGs
[2026-06-25T01:42:59.108+0000] {logging_mixin.py:188} INFO - [2026-06-25T01:42:59.108+0000] {dag.py:3954} INFO - Setting next_dagrun for crm_etl_pipeline to 2026-06-24 06:00:00+00:00, run_after=2026-06-25 06:00:00+00:00
[2026-06-25T01:42:59.124+0000] {processor.py:183} INFO - Processing /opt/airflow/dags/crm_etl_dag.py took 0.086 seconds
[2026-06-25T01:43:29.229+0000] {processor.py:161} INFO - Started process (PID=541) to work on /opt/airflow/dags/crm_etl_dag.py
[2026-06-25T01:43:29.230+0000] {processor.py:830} INFO - Processing file /opt/airflow/dags/crm_etl_dag.py for tasks to queue
[2026-06-25T01:43:29.232+0000] {logging_mixin.py:188} INFO - [2026-06-25T01:43:29.232+0000] {dagbag.py:545} INFO - Filling up the DagBag from /opt/airflow/dags/crm_etl_dag.py
[2026-06-25T01:43:29.247+0000] {processor.py:840} INFO - DAG(s) 'crm_etl_pipeline' retrieved from /opt/airflow/dags/crm_etl_dag.py
[2026-06-25T01:43:29.278+0000] {logging_mixin.py:188} INFO - [2026-06-25T01:43:29.278+0000] {dag.py:3096} INFO - Sync 1 DAGs
[2026-06-25T01:43:29.300+0000] {logging_mixin.py:188} INFO - [2026-06-25T01:43:29.300+0000] {dag.py:3954} INFO - Setting next_dagrun for crm_etl_pipeline to 2026-06-24 06:00:00+00:00, run_after=2026-06-25 06:00:00+00:00
[2026-06-25T01:43:29.314+0000] {processor.py:183} INFO - Processing /opt/airflow/dags/crm_etl_dag.py took 0.090 seconds
[2026-06-25T01:43:59.481+0000] {processor.py:161} INFO - Started process (PID=546) to work on /opt/airflow/dags/crm_etl_dag.py
[2026-06-25T01:43:59.482+0000] {processor.py:830} INFO - Processing file /opt/airflow/dags/crm_etl_dag.py for tasks to queue
[2026-06-25T01:43:59.483+0000] {logging_mixin.py:188} INFO - [2026-06-25T01:43:59.483+0000] {dagbag.py:545} INFO - Filling up the DagBag from /opt/airflow/dags/crm_etl_dag.py
[2026-06-25T01:43:59.499+0000] {processor.py:840} INFO - DAG(s) 'crm_etl_pipeline' retrieved from /opt/airflow/dags/crm_etl_dag.py
[2026-06-25T01:43:59.522+0000] {logging_mixin.py:188} INFO - [2026-06-25T01:43:59.522+0000] {dag.py:3096} INFO - Sync 1 DAGs
[2026-06-25T01:43:59.537+0000] {logging_mixin.py:188} INFO - [2026-06-25T01:43:59.537+0000] {dag.py:3954} INFO - Setting next_dagrun for crm_etl_pipeline to 2026-06-24 06:00:00+00:00, run_after=2026-06-25 06:00:00+00:00
[2026-06-25T01:43:59.552+0000] {processor.py:183} INFO - Processing /opt/airflow/dags/crm_etl_dag.py took 0.075 seconds
[2026-06-25T01:44:29.646+0000] {processor.py:161} INFO - Started process (PID=551) to work on /opt/airflow/dags/crm_etl_dag.py
[2026-06-25T01:44:29.647+0000] {processor.py:830} INFO - Processing file /opt/airflow/dags/crm_etl_dag.py for tasks to queue
[2026-06-25T01:44:29.649+0000] {logging_mixin.py:188} INFO - [2026-06-25T01:44:29.648+0000] {dagbag.py:545} INFO - Filling up the DagBag from /opt/airflow/dags/crm_etl_dag.py
[2026-06-25T01:44:29.663+0000] {processor.py:840} INFO - DAG(s) 'crm_etl_pipeline' retrieved from /opt/airflow/dags/crm_etl_dag.py
[2026-06-25T01:44:29.689+0000] {logging_mixin.py:188} INFO - [2026-06-25T01:44:29.689+0000] {dag.py:3096} INFO - Sync 1 DAGs
[2026-06-25T01:44:29.707+0000] {logging_mixin.py:188} INFO - [2026-06-25T01:44:29.707+0000] {dag.py:3954} INFO - Setting next_dagrun for crm_etl_pipeline to 2026-06-24 06:00:00+00:00, run_after=2026-06-25 06:00:00+00:00
[2026-06-25T01:44:29.727+0000] {processor.py:183} INFO - Processing /opt/airflow/dags/crm_etl_dag.py took 0.085 seconds
[2026-06-25T01:44:59.887+0000] {processor.py:161} INFO - Started process (PID=556) to work on /opt/airflow/dags/crm_etl_dag.py
[2026-06-25T01:44:59.888+0000] {processor.py:830} INFO - Processing file /opt/airflow/dags/crm_etl_dag.py for tasks to queue
[2026-06-25T01:44:59.890+0000] {logging_mixin.py:188} INFO - [2026-06-25T01:44:59.889+0000] {dagbag.py:545} INFO - Filling up the DagBag from /opt/airflow/dags/crm_etl_dag.py
[2026-06-25T01:44:59.903+0000] {processor.py:840} INFO - DAG(s) 'crm_etl_pipeline' retrieved from /opt/airflow/dags/crm_etl_dag.py
[2026-06-25T01:44:59.925+0000] {logging_mixin.py:188} INFO - [2026-06-25T01:44:59.925+0000] {dag.py:3096} INFO - Sync 1 DAGs
[2026-06-25T01:44:59.944+0000] {logging_mixin.py:188} INFO - [2026-06-25T01:44:59.944+0000] {dag.py:3954} INFO - Setting next_dagrun for crm_etl_pipeline to 2026-06-24 06:00:00+00:00, run_after=2026-06-25 06:00:00+00:00
[2026-06-25T01:44:59.959+0000] {processor.py:183} INFO - Processing /opt/airflow/dags/crm_etl_dag.py took 0.076 seconds
[2026-06-25T01:45:30.103+0000] {processor.py:161} INFO - Started process (PID=561) to work on /opt/airflow/dags/crm_etl_dag.py
[2026-06-25T01:45:30.108+0000] {processor.py:830} INFO - Processing file /opt/airflow/dags/crm_etl_dag.py for tasks to queue
[2026-06-25T01:45:30.111+0000] {logging_mixin.py:188} INFO - [2026-06-25T01:45:30.110+0000] {dagbag.py:545} INFO - Filling up the DagBag from /opt/airflow/dags/crm_etl_dag.py
[2026-06-25T01:45:30.137+0000] {processor.py:840} INFO - DAG(s) 'crm_etl_pipeline' retrieved from /opt/airflow/dags/crm_etl_dag.py
[2026-06-25T01:45:30.166+0000] {logging_mixin.py:188} INFO - [2026-06-25T01:45:30.166+0000] {dag.py:3096} INFO - Sync 1 DAGs
[2026-06-25T01:45:30.183+0000] {logging_mixin.py:188} INFO - [2026-06-25T01:45:30.183+0000] {dag.py:3954} INFO - Setting next_dagrun for crm_etl_pipeline to 2026-06-24 06:00:00+00:00, run_after=2026-06-25 06:00:00+00:00
[2026-06-25T01:45:30.238+0000] {processor.py:183} INFO - Processing /opt/airflow/dags/crm_etl_dag.py took 0.140 seconds
[2026-06-25T01:46:00.329+0000] {processor.py:161} INFO - Started process (PID=566) to work on /opt/airflow/dags/crm_etl_dag.py
[2026-06-25T01:46:00.333+0000] {processor.py:830} INFO - Processing file /opt/airflow/dags/crm_etl_dag.py for tasks to queue
[2026-06-25T01:46:00.335+0000] {logging_mixin.py:188} INFO - [2026-06-25T01:46:00.335+0000] {dagbag.py:545} INFO - Filling up the DagBag from /opt/airflow/dags/crm_etl_dag.py
[2026-06-25T01:46:00.364+0000] {processor.py:840} INFO - DAG(s) 'crm_etl_pipeline' retrieved from /opt/airflow/dags/crm_etl_dag.py
[2026-06-25T01:46:00.396+0000] {logging_mixin.py:188} INFO - [2026-06-25T01:46:00.396+0000] {dag.py:3096} INFO - Sync 1 DAGs
[2026-06-25T01:46:00.418+0000] {logging_mixin.py:188} INFO - [2026-06-25T01:46:00.418+0000] {dag.py:3954} INFO - Setting next_dagrun for crm_etl_pipeline to 2026-06-24 06:00:00+00:00, run_after=2026-06-25 06:00:00+00:00
[2026-06-25T01:46:00.441+0000] {processor.py:183} INFO - Processing /opt/airflow/dags/crm_etl_dag.py took 0.116 seconds
[2026-06-25T01:46:30.588+0000] {processor.py:161} INFO - Started process (PID=571) to work on /opt/airflow/dags/crm_etl_dag.py
[2026-06-25T01:46:30.589+0000] {processor.py:830} INFO - Processing file /opt/airflow/dags/crm_etl_dag.py for tasks to queue
[2026-06-25T01:46:30.592+0000] {logging_mixin.py:188} INFO - [2026-06-25T01:46:30.591+0000] {dagbag.py:545} INFO - Filling up the DagBag from /opt/airflow/dags/crm_etl_dag.py
[2026-06-25T01:46:30.611+0000] {processor.py:840} INFO - DAG(s) 'crm_etl_pipeline' retrieved from /opt/airflow/dags/crm_etl_dag.py
[2026-06-25T01:46:30.639+0000] {logging_mixin.py:188} INFO - [2026-06-25T01:46:30.638+0000] {dag.py:3096} INFO - Sync 1 DAGs
[2026-06-25T01:46:30.664+0000] {logging_mixin.py:188} INFO - [2026-06-25T01:46:30.664+0000] {dag.py:3954} INFO - Setting next_dagrun for crm_etl_pipeline to 2026-06-24 06:00:00+00:00, run_after=2026-06-25 06:00:00+00:00
[2026-06-25T01:46:30.683+0000] {processor.py:183} INFO - Processing /opt/airflow/dags/crm_etl_dag.py took 0.099 seconds
[2026-06-25T01:47:00.872+0000] {processor.py:161} INFO - Started process (PID=576) to work on /opt/airflow/dags/crm_etl_dag.py
[2026-06-25T01:47:00.877+0000] {processor.py:830} INFO - Processing file /opt/airflow/dags/crm_etl_dag.py for tasks to queue
[2026-06-25T01:47:00.889+0000] {logging_mixin.py:188} INFO - [2026-06-25T01:47:00.887+0000] {dagbag.py:545} INFO - Filling up the DagBag from /opt/airflow/dags/crm_etl_dag.py
[2026-06-25T01:47:00.986+0000] {processor.py:840} INFO - DAG(s) 'crm_etl_pipeline' retrieved from /opt/airflow/dags/crm_etl_dag.py
[2026-06-25T01:47:01.110+0000] {logging_mixin.py:188} INFO - [2026-06-25T01:47:01.110+0000] {dag.py:3096} INFO - Sync 1 DAGs
[2026-06-25T01:47:01.145+0000] {logging_mixin.py:188} INFO - [2026-06-25T01:47:01.145+0000] {dag.py:3954} INFO - Setting next_dagrun for crm_etl_pipeline to 2026-06-24 06:00:00+00:00, run_after=2026-06-25 06:00:00+00:00
[2026-06-25T01:47:01.173+0000] {processor.py:183} INFO - Processing /opt/airflow/dags/crm_etl_dag.py took 0.338 seconds
[2026-06-25T01:47:31.448+0000] {processor.py:161} INFO - Started process (PID=581) to work on /opt/airflow/dags/crm_etl_dag.py
[2026-06-25T01:47:31.453+0000] {processor.py:830} INFO - Processing file /opt/airflow/dags/crm_etl_dag.py for tasks to queue
[2026-06-25T01:47:31.460+0000] {logging_mixin.py:188} INFO - [2026-06-25T01:47:31.459+0000] {dagbag.py:545} INFO - Filling up the DagBag from /opt/airflow/dags/crm_etl_dag.py
[2026-06-25T01:47:31.509+0000] {processor.py:840} INFO - DAG(s) 'crm_etl_pipeline' retrieved from /opt/airflow/dags/crm_etl_dag.py
[2026-06-25T01:47:31.570+0000] {logging_mixin.py:188} INFO - [2026-06-25T01:47:31.570+0000] {dag.py:3096} INFO - Sync 1 DAGs
[2026-06-25T01:47:31.610+0000] {logging_mixin.py:188} INFO - [2026-06-25T01:47:31.609+0000] {dag.py:3954} INFO - Setting next_dagrun for crm_etl_pipeline to 2026-06-24 06:00:00+00:00, run_after=2026-06-25 06:00:00+00:00
[2026-06-25T01:47:31.645+0000] {processor.py:183} INFO - Processing /opt/airflow/dags/crm_etl_dag.py took 0.227 seconds
[2026-06-25T01:48:01.846+0000] {processor.py:161} INFO - Started process (PID=586) to work on /opt/airflow/dags/crm_etl_dag.py
[2026-06-25T01:48:01.850+0000] {processor.py:830} INFO - Processing file /opt/airflow/dags/crm_etl_dag.py for tasks to queue
[2026-06-25T01:48:01.853+0000] {logging_mixin.py:188} INFO - [2026-06-25T01:48:01.852+0000] {dagbag.py:545} INFO - Filling up the DagBag from /opt/airflow/dags/crm_etl_dag.py
[2026-06-25T01:48:01.871+0000] {processor.py:840} INFO - DAG(s) 'crm_etl_pipeline' retrieved from /opt/airflow/dags/crm_etl_dag.py
[2026-06-25T01:48:01.907+0000] {logging_mixin.py:188} INFO - [2026-06-25T01:48:01.907+0000] {dag.py:3096} INFO - Sync 1 DAGs
[2026-06-25T01:48:01.930+0000] {logging_mixin.py:188} INFO - [2026-06-25T01:48:01.930+0000] {dag.py:3954} INFO - Setting next_dagrun for crm_etl_pipeline to 2026-06-24 06:00:00+00:00, run_after=2026-06-25 06:00:00+00:00
[2026-06-25T01:48:01.952+0000] {processor.py:183} INFO - Processing /opt/airflow/dags/crm_etl_dag.py took 0.110 seconds
