[2026-06-25T01:22:28.206+0000] {local_task_job_runner.py:120} INFO - ::group::Pre task execution logs
[2026-06-25T01:22:28.233+0000] {taskinstance.py:2076} INFO - Dependencies all met for dep_context=non-requeueable deps ti=<TaskInstance: crm_etl_pipeline.transform_and_load manual__2026-06-25T01:22:17.042739+00:00 [queued]>
[2026-06-25T01:22:28.240+0000] {taskinstance.py:2076} INFO - Dependencies all met for dep_context=requeueable deps ti=<TaskInstance: crm_etl_pipeline.transform_and_load manual__2026-06-25T01:22:17.042739+00:00 [queued]>
[2026-06-25T01:22:28.241+0000] {taskinstance.py:2306} INFO - Starting attempt 1 of 2
[2026-06-25T01:22:28.252+0000] {taskinstance.py:2330} INFO - Executing <Task(PythonOperator): transform_and_load> on 2026-06-25 01:22:17.042739+00:00
[2026-06-25T01:22:28.258+0000] {standard_task_runner.py:90} INFO - Running: ['airflow', 'tasks', 'run', 'crm_etl_pipeline', 'transform_and_load', 'manual__2026-06-25T01:22:17.042739+00:00', '--job-id', '4', '--raw', '--subdir', 'DAGS_FOLDER/crm_etl_dag.py', '--cfg-path', '/tmp/tmpzc98ftu7']
[2026-06-25T01:22:28.260+0000] {logging_mixin.py:188} WARNING - /home/airflow/.local/lib/python3.12/site-packages/airflow/task/task_runner/standard_task_runner.py:61 DeprecationWarning: This process (pid=232) is multi-threaded, use of fork() may lead to deadlocks in the child.
[2026-06-25T01:22:28.265+0000] {standard_task_runner.py:91} INFO - Job 4: Subtask transform_and_load
[2026-06-25T01:22:28.266+0000] {standard_task_runner.py:63} INFO - Started process 233 to run task
[2026-06-25T01:22:28.329+0000] {task_command.py:426} INFO - Running <TaskInstance: crm_etl_pipeline.transform_and_load manual__2026-06-25T01:22:17.042739+00:00 [running]> on host 4215ccb3c8ea
[2026-06-25T01:22:28.392+0000] {taskinstance.py:2648} INFO - Exporting env vars: AIRFLOW_CTX_DAG_OWNER='data_analyst' AIRFLOW_CTX_DAG_ID='crm_etl_pipeline' AIRFLOW_CTX_TASK_ID='transform_and_load' AIRFLOW_CTX_EXECUTION_DATE='2026-06-25T01:22:17.042739+00:00' AIRFLOW_CTX_TRY_NUMBER='1' AIRFLOW_CTX_DAG_RUN_ID='manual__2026-06-25T01:22:17.042739+00:00'
[2026-06-25T01:22:28.396+0000] {taskinstance.py:430} INFO - ::endgroup::
[2026-06-25T01:22:28.680+0000] {logging_mixin.py:188} INFO - [EXTRACT] Đọc file CSV...
[2026-06-25T01:22:28.751+0000] {logging_mixin.py:188} INFO - [EXTRACT] ✅ Đọc xong — 9,994 dòng, 21 cột
[2026-06-25T01:22:28.766+0000] {logging_mixin.py:188} INFO - 
📋 Bắt đầu Data Quality Checks...
[2026-06-25T01:22:28.767+0000] {logging_mixin.py:188} INFO - -------------------------------------------------------
[2026-06-25T01:22:28.768+0000] {logging_mixin.py:188} INFO -   ✅ [PASS] null_check_order_id: Cột 'order_id' không được chứa NULL (0 lỗi)
[2026-06-25T01:22:28.770+0000] {logging_mixin.py:188} INFO -   ✅ [PASS] null_check_customer_id: Cột 'customer_id' không được chứa NULL (0 lỗi)
[2026-06-25T01:22:28.771+0000] {logging_mixin.py:188} INFO -   ✅ [PASS] null_check_product_id: Cột 'product_id' không được chứa NULL (0 lỗi)
[2026-06-25T01:22:28.772+0000] {logging_mixin.py:188} INFO -   ❌ [FAIL] null_check_order_date: Cột 'order_date' không được chứa NULL (5952 lỗi)
[2026-06-25T01:22:28.773+0000] {logging_mixin.py:188} INFO -   ✅ [PASS] sales_non_negative: Sales không được âm (0 lỗi)
[2026-06-25T01:22:28.774+0000] {logging_mixin.py:188} INFO -   ✅ [PASS] quantity_positive: Quantity phải lớn hơn 0 (0 lỗi)
[2026-06-25T01:22:28.775+0000] {logging_mixin.py:188} INFO -   ✅ [PASS] discount_range: Discount phải trong khoảng 0.0 – 1.0 (0 lỗi)
[2026-06-25T01:22:28.960+0000] {logging_mixin.py:188} INFO -   ❌ [FAIL] order_date_not_future: Order date không được là ngày trong tương lai (5952 lỗi)
[2026-06-25T01:22:28.974+0000] {logging_mixin.py:188} INFO -   ❌ [FAIL] ship_after_order: Ship date phải >= Order date (1159 lỗi)
[2026-06-25T01:22:28.977+0000] {logging_mixin.py:188} INFO -   ❌ [FAIL] no_duplicate_order_product: Không được trùng cặp (order_id, product_id) (8 lỗi)
[2026-06-25T01:22:28.978+0000] {logging_mixin.py:188} INFO -   ✅ [PASS] segment_valid_values: Segment phải là một trong: {'Home Office', 'Consumer', 'Corporate'} (0 lỗi)
[2026-06-25T01:22:28.980+0000] {logging_mixin.py:188} INFO -   ✅ [PASS] discount_extreme_warning: Discount > 80% — kiểm tra lại dữ liệu (0 lỗi)
[2026-06-25T01:22:28.983+0000] {logging_mixin.py:188} INFO - -------------------------------------------------------
[2026-06-25T01:22:28.984+0000] {logging_mixin.py:188} INFO -   Kết quả: 8 PASS | 4 FAIL
[2026-06-25T01:22:29.000+0000] {logging_mixin.py:188} INFO -   💾 Đã lưu kết quả vào bảng data_quality_log
[2026-06-25T01:22:29.001+0000] {logging_mixin.py:188} INFO - 
⚠️  4 check(s) FAIL — xem bảng data_quality_log trong DB
[2026-06-25T01:22:29.002+0000] {logging_mixin.py:188} INFO - 
⚠️  Vẫn tiếp tục ETL với dữ liệu đã lọc lỗi...
[2026-06-25T01:22:29.007+0000] {logging_mixin.py:188} INFO - 
[TRANSFORM] Làm sạch và chuẩn bị dữ liệu...
[2026-06-25T01:22:29.011+0000] {logging_mixin.py:188} INFO - [TRANSFORM] Loại bỏ 8 duplicate rows
[2026-06-25T01:22:29.015+0000] {logging_mixin.py:188} INFO - [TRANSFORM] Phát hiện 604 anomaly records (IQR method)
[2026-06-25T01:22:29.034+0000] {logging_mixin.py:188} INFO - [TRANSFORM] ✅ Hoàn tất:
[2026-06-25T01:22:29.035+0000] {logging_mixin.py:188} INFO -   dim_customers : 793 rows
[2026-06-25T01:22:29.036+0000] {logging_mixin.py:188} INFO -   dim_products  : 1,862 rows
[2026-06-25T01:22:29.037+0000] {logging_mixin.py:188} INFO -   dim_date      : 568 rows
[2026-06-25T01:22:29.038+0000] {logging_mixin.py:188} INFO -   fact_orders   : 9,986 rows
[2026-06-25T01:22:29.039+0000] {logging_mixin.py:188} INFO - 
[LOAD] Nạp dữ liệu vào PostgreSQL...
[2026-06-25T01:22:29.153+0000] {logging_mixin.py:188} INFO -   ✅ dim_customers: 793 rows
[2026-06-25T01:22:29.226+0000] {logging_mixin.py:188} INFO -   ✅ dim_products: 1,862 rows
[2026-06-25T01:22:29.450+0000] {logging_mixin.py:188} INFO -   ✅ dim_date: 568 rows
[2026-06-25T01:22:30.528+0000] {logging_mixin.py:188} INFO -   ✅ fact_orders: 9,986 rows
[2026-06-25T01:22:30.529+0000] {logging_mixin.py:188} INFO - [LOAD] ✅ Hoàn tất!
[2026-06-25T01:22:30.531+0000] {python.py:237} INFO - Done. Returned value was: Transform & Load hoàn tất
[2026-06-25T01:22:30.532+0000] {taskinstance.py:441} INFO - ::group::Post task execution logs
[2026-06-25T01:22:30.549+0000] {taskinstance.py:1206} INFO - Marking task as SUCCESS. dag_id=crm_etl_pipeline, task_id=transform_and_load, run_id=manual__2026-06-25T01:22:17.042739+00:00, execution_date=20260625T012217, start_date=20260625T012228, end_date=20260625T012230
[2026-06-25T01:22:30.576+0000] {local_task_job_runner.py:240} INFO - Task exited with return code 0
[2026-06-25T01:22:30.598+0000] {taskinstance.py:3498} INFO - 1 downstream tasks scheduled from follow-on schedule check
[2026-06-25T01:22:30.600+0000] {local_task_job_runner.py:222} INFO - ::endgroup::
